-- Found rosidl_default_generators: 1.6.0 (/opt/ros/jazzy/share/rosidl_default_generators/cmake)
-- Found Python3: /usr/bin/python3 (found version "3.12.3") found components: Interpreter 
-- Using all available rosidl_typesupport_c: rosidl_typesupport_fastrtps_c;rosidl_typesupport_introspection_c
-- Using all available rosidl_typesupport_cpp: rosidl_typesupport_fastrtps_cpp;rosidl_typesupport_introspection_cpp
-- Found rosidl_adapter: 4.6.7 (/opt/ros/jazzy/share/rosidl_adapter/cmake)
-- Found builtin_interfaces: 2.0.3 (/opt/ros/jazzy/share/builtin_interfaces/cmake)
-- Found rclcpp: 28.1.16 (/opt/ros/jazzy/share/rclcpp/cmake)
-- Found rmw_implementation_cmake: 7.3.3 (/opt/ros/jazzy/share/rmw_implementation_cmake/cmake)
-- Found rmw_fastrtps_cpp: 8.4.3 (/opt/ros/jazzy/share/rmw_fastrtps_cpp/cmake)
-- Using RMW implementation 'rmw_fastrtps_cpp' as default
-- Found std_msgs: 5.3.6 (/opt/ros/jazzy/share/std_msgs/cmake)
-- Found ament_cmake_ros: 0.12.0 (/opt/ros/jazzy/share/ament_cmake_ros/cmake)
-- Using all available rosidl_typesupport_c: rosidl_typesupport_fastrtps_c;rosidl_typesupport_introspection_c
-- Using all available rosidl_typesupport_cpp: rosidl_typesupport_fastrtps_cpp;rosidl_typesupport_introspection_cpp
-- Found python_cmake_module: 0.11.1 (/opt/ros/jazzy/share/python_cmake_module/cmake)
-- Found Python3: /usr/bin/python3 (found version "3.12.3") found components: Interpreter Development NumPy Development.Module Development.Embed 
[0mCMake Deprecation Warning at /opt/ros/jazzy/share/rosidl_cmake/cmake/rosidl_target_interfaces.cmake:32 (message):
  Use rosidl_get_typesupport_target() and target_link_libraries() instead of
  rosidl_target_interfaces().  i.e:

    rosidl_get_typesupport_target(cpp_typesupport_target "${PROJECT_NAME}" "rosidl_typesupport_cpp")
    target_link_libraries(${PROJECT_NAME}_node "${cpp_typesupport_target}")

Call Stack (most recent call first):
  CMakeLists.txt:29 (rosidl_target_interfaces)

[0m
[0mCMake Deprecation Warning at /opt/ros/jazzy/share/rosidl_cmake/cmake/rosidl_target_interfaces.cmake:32 (message):
  Use rosidl_get_typesupport_target() and target_link_libraries() instead of
  rosidl_target_interfaces().  i.e:

    rosidl_get_typesupport_target(cpp_typesupport_target "${PROJECT_NAME}" "rosidl_typesupport_cpp")
    target_link_libraries(${PROJECT_NAME}_node "${cpp_typesupport_target}")

Call Stack (most recent call first):
  CMakeLists.txt:32 (rosidl_target_interfaces)

[0m
-- Found ament_lint_auto: 0.17.4 (/opt/ros/jazzy/share/ament_lint_auto/cmake)
-- Added test 'cppcheck' to perform static code analysis on C / C++ code
-- Configured cppcheck include dirs: 
-- Configured cppcheck exclude dirs and/or files: 
-- Added test 'lint_cmake' to check CMake code style
-- Added test 'uncrustify' to check C / C++ code style
-- Configured uncrustify additional arguments: 
-- Added test 'xmllint' to check XML markup files
-- Configuring done (2.3s)
-- Generating done (0.1s)
-- Build files have been written to: /home/afeef_ahmed/assignment_2/asdfr_2_3_ws/build/timing_nodes
[  2%] [34m[1mGenerating type hashes for ROS interfaces[0m
[  2%] Built target ament_cmake_python_copy_timing_nodes
[  2%] Built target timing_nodes__rosidl_generator_type_description
[  5%] [34m[1mGenerating C code for ROS interfaces[0m
[  7%] [34m[1mGenerating C++ code for ROS interfaces[0m
running egg_info
creating timing_nodes.egg-info
writing timing_nodes.egg-info/PKG-INFO
writing dependency_links to timing_nodes.egg-info/dependency_links.txt
writing top-level names to timing_nodes.egg-info/top_level.txt
writing manifest file 'timing_nodes.egg-info/SOURCES.txt'
reading manifest file 'timing_nodes.egg-info/SOURCES.txt'
writing manifest file 'timing_nodes.egg-info/SOURCES.txt'
[  7%] Built target ament_cmake_python_build_timing_nodes_egg
[  7%] Built target timing_nodes__cpp
[ 13%] [32mBuilding C object CMakeFiles/timing_nodes__rosidl_generator_c.dir/rosidl_generator_c/timing_nodes/msg/detail/timing__functions.c.o[0m
[ 13%] [32mBuilding C object CMakeFiles/timing_nodes__rosidl_generator_c.dir/rosidl_generator_c/timing_nodes/msg/detail/timing__description.c.o[0m
[ 15%] [32mBuilding C object CMakeFiles/timing_nodes__rosidl_generator_c.dir/rosidl_generator_c/timing_nodes/msg/detail/timing__type_support.c.o[0m
[ 18%] [32m[1mLinking C shared library libtiming_nodes__rosidl_generator_c.so[0m
[ 18%] Built target timing_nodes__rosidl_generator_c
[ 23%] [34m[1mGenerating C type support dispatch for ROS interfaces[0m
[ 23%] [34m[1mGenerating C introspection for ROS interfaces[0m
[ 26%] [34m[1mGenerating C++ type support dispatch for ROS interfaces[0m
[ 28%] [34m[1mGenerating C type support for eProsima Fast-RTPS[0m
[ 34%] [34m[1mGenerating C++ introspection for ROS interfaces[0m
[ 34%] [34m[1mGenerating C++ type support for eProsima Fast-RTPS[0m
[ 36%] [32mBuilding CXX object CMakeFiles/timing_nodes__rosidl_typesupport_c.dir/rosidl_typesupport_c/timing_nodes/msg/timing__type_support.cpp.o[0m
[ 39%] [32mBuilding CXX object CMakeFiles/timing_nodes__rosidl_typesupport_cpp.dir/rosidl_typesupport_cpp/timing_nodes/msg/timing__type_support.cpp.o[0m
[ 42%] [32mBuilding CXX object CMakeFiles/timing_nodes__rosidl_typesupport_introspection_cpp.dir/rosidl_typesupport_introspection_cpp/timing_nodes/msg/detail/timing__type_support.cpp.o[0m
[ 44%] [32mBuilding C object CMakeFiles/timing_nodes__rosidl_typesupport_introspection_c.dir/rosidl_typesupport_introspection_c/timing_nodes/msg/detail/timing__type_support.c.o[0m
[ 47%] [32mBuilding CXX object CMakeFiles/timing_nodes__rosidl_typesupport_fastrtps_c.dir/rosidl_typesupport_fastrtps_c/timing_nodes/msg/detail/timing__type_support_c.cpp.o[0m
[ 50%] [32mBuilding CXX object CMakeFiles/timing_nodes__rosidl_typesupport_fastrtps_cpp.dir/rosidl_typesupport_fastrtps_cpp/timing_nodes/msg/detail/dds_fastrtps/timing__type_support.cpp.o[0m
[ 52%] [32m[1mLinking C shared library libtiming_nodes__rosidl_typesupport_introspection_c.so[0m
[ 55%] [32m[1mLinking CXX shared library libtiming_nodes__rosidl_typesupport_c.so[0m
[ 55%] Built target timing_nodes__rosidl_typesupport_introspection_c
[ 55%] Built target timing_nodes__rosidl_typesupport_c
[ 57%] [32m[1mLinking CXX shared library libtiming_nodes__rosidl_typesupport_cpp.so[0m
[ 60%] [32m[1mLinking CXX shared library libtiming_nodes__rosidl_typesupport_introspection_cpp.so[0m
[ 60%] Built target timing_nodes__rosidl_typesupport_cpp
[ 60%] Built target timing_nodes__rosidl_typesupport_introspection_cpp
[ 65%] [32m[1mLinking CXX shared library libtiming_nodes__rosidl_typesupport_fastrtps_c.so[0m
[ 65%] [32m[1mLinking CXX shared library libtiming_nodes__rosidl_typesupport_fastrtps_cpp.so[0m
[ 65%] Built target timing_nodes__rosidl_typesupport_fastrtps_cpp
[ 65%] Built target timing_nodes__rosidl_typesupport_fastrtps_c
[ 65%] Built target timing_nodes
[ 73%] [34m[1mGenerating Python code for ROS interfaces[0m
[ 73%] [32mBuilding CXX object CMakeFiles/seq_node.dir/src/seq_node.cpp.o[0m
[ 73%] [32mBuilding CXX object CMakeFiles/loop_node.dir/src/loop_node.cpp.o[0m
[ 73%] Built target timing_nodes__py
[ 76%] [32mBuilding C object CMakeFiles/timing_nodes__rosidl_generator_py.dir/rosidl_generator_py/timing_nodes/msg/_timing_s.c.o[0m
[ 78%] [32m[1mLinking C shared library libtiming_nodes__rosidl_generator_py.so[0m
[ 78%] Built target timing_nodes__rosidl_generator_py
[ 81%] [32mBuilding C object CMakeFiles/timing_nodes_s__rosidl_typesupport_introspection_c.dir/rosidl_generator_py/timing_nodes/_timing_nodes_s.ep.rosidl_typesupport_introspection_c.c.o[0m
[ 84%] [32mBuilding C object CMakeFiles/timing_nodes_s__rosidl_typesupport_fastrtps_c.dir/rosidl_generator_py/timing_nodes/_timing_nodes_s.ep.rosidl_typesupport_fastrtps_c.c.o[0m
[ 86%] [32mBuilding C object CMakeFiles/timing_nodes_s__rosidl_typesupport_c.dir/rosidl_generator_py/timing_nodes/_timing_nodes_s.ep.rosidl_typesupport_c.c.o[0m
[ 89%] [32m[1mLinking C shared module rosidl_generator_py/timing_nodes/timing_nodes_s__rosidl_typesupport_fastrtps_c.so[0m
[ 92%] [32m[1mLinking C shared module rosidl_generator_py/timing_nodes/timing_nodes_s__rosidl_typesupport_introspection_c.so[0m
[ 94%] [32m[1mLinking C shared module rosidl_generator_py/timing_nodes/timing_nodes_s__rosidl_typesupport_c.so[0m
[ 94%] Built target timing_nodes_s__rosidl_typesupport_fastrtps_c
[ 94%] Built target timing_nodes_s__rosidl_typesupport_introspection_c
[ 94%] Built target timing_nodes_s__rosidl_typesupport_c
[ 97%] [32m[1mLinking CXX executable loop_node[0m
[100%] [32m[1mLinking CXX executable seq_node[0m
[100%] Built target loop_node
[100%] Built target seq_node
-- Install configuration: ""
-- Installing: /home/afeef_ahmed/assignment_2/asdfr_2_3_ws/install/timing_nodes/share/ament_index/resource_index/rosidl_interfaces/timing_nodes
-- Installing: /home/afeef_ahmed/assignment_2/asdfr_2_3_ws/install/timing_nodes/share/timing_nodes/msg/Timing.json
-- Installing: /home/afeef_ahmed/assignment_2/asdfr_2_3_ws/install/timing_nodes/include/timing_nodes/timing_nodes
-- Installing: /home/afeef_ahmed/assignment_2/asdfr_2_3_ws/install/timing_nodes/include/timing_nodes/timing_nodes/msg
-- Installing: /home/afeef_ahmed/assignment_2/asdfr_2_3_ws/install/timing_nodes/include/timing_nodes/timing_nodes/msg/timing.h
-- Installing: /home/afeef_ahmed/assignment_2/asdfr_2_3_ws/install/timing_nodes/include/timing_nodes/timing_nodes/msg/detail
-- Installing: /home/afeef_ahmed/assignment_2/asdfr_2_3_ws/install/timing_nodes/include/timing_nodes/timing_nodes/msg/detail/timing__type_support.h
-- Installing: /home/afeef_ahmed/assignment_2/asdfr_2_3_ws/install/timing_nodes/include/timing_nodes/timing_nodes/msg/detail/timing__functions.c
-- Installing: /home/afeef_ahmed/assignment_2/asdfr_2_3_ws/install/timing_nodes/include/timing_nodes/timing_nodes/msg/detail/timing__struct.h
-- Installing: /home/afeef_ahmed/assignment_2/asdfr_2_3_ws/install/timing_nodes/include/timing_nodes/timing_nodes/msg/detail/timing__description.c
-- Installing: /home/afeef_ahmed/assignment_2/asdfr_2_3_ws/install/timing_nodes/include/timing_nodes/timing_nodes/msg/detail/timing__functions.h
-- Installing: /home/afeef_ahmed/assignment_2/asdfr_2_3_ws/install/timing_nodes/include/timing_nodes/timing_nodes/msg/detail/timing__type_support.c
-- Installing: /home/afeef_ahmed/assignment_2/asdfr_2_3_ws/install/timing_nodes/include/timing_nodes/timing_nodes/msg/rosidl_generator_c__visibility_control.h
-- Installing: /home/afeef_ahmed/assignment_2/asdfr_2_3_ws/install/timing_nodes/share/timing_nodes/environment/library_path.sh
-- Installing: /home/afeef_ahmed/assignment_2/asdfr_2_3_ws/install/timing_nodes/share/timing_nodes/environment/library_path.dsv
-- Installing: /home/afeef_ahmed/assignment_2/asdfr_2_3_ws/install/timing_nodes/lib/libtiming_nodes__rosidl_generator_c.so
-- Set non-toolchain portion of runtime path of "/home/afeef_ahmed/assignment_2/asdfr_2_3_ws/install/timing_nodes/lib/libtiming_nodes__rosidl_generator_c.so" to ""
-- Up-to-date: /home/afeef_ahmed/assignment_2/asdfr_2_3_ws/install/timing_nodes/include/timing_nodes/timing_nodes
-- Up-to-date: /home/afeef_ahmed/assignment_2/asdfr_2_3_ws/install/timing_nodes/include/timing_nodes/timing_nodes/msg
-- Up-to-date: /home/afeef_ahmed/assignment_2/asdfr_2_3_ws/install/timing_nodes/include/timing_nodes/timing_nodes/msg/detail
-- Installing: /home/afeef_ahmed/assignment_2/asdfr_2_3_ws/install/timing_nodes/include/timing_nodes/timing_nodes/msg/detail/timing__rosidl_typesupport_fastrtps_c.h
-- Installing: /home/afeef_ahmed/assignment_2/asdfr_2_3_ws/install/timing_nodes/include/timing_nodes/timing_nodes/msg/rosidl_typesupport_fastrtps_c__visibility_control.h
-- Installing: /home/afeef_ahmed/assignment_2/asdfr_2_3_ws/install/timing_nodes/lib/libtiming_nodes__rosidl_typesupport_fastrtps_c.so
-- Set non-toolchain portion of runtime path of "/home/afeef_ahmed/assignment_2/asdfr_2_3_ws/install/timing_nodes/lib/libtiming_nodes__rosidl_typesupport_fastrtps_c.so" to ""
-- Up-to-date: /home/afeef_ahmed/assignment_2/asdfr_2_3_ws/install/timing_nodes/include/timing_nodes/timing_nodes
-- Up-to-date: /home/afeef_ahmed/assignment_2/asdfr_2_3_ws/install/timing_nodes/include/timing_nodes/timing_nodes/msg
-- Up-to-date: /home/afeef_ahmed/assignment_2/asdfr_2_3_ws/install/timing_nodes/include/timing_nodes/timing_nodes/msg/detail
-- Installing: /home/afeef_ahmed/assignment_2/asdfr_2_3_ws/install/timing_nodes/include/timing_nodes/timing_nodes/msg/detail/timing__type_support.c
-- Installing: /home/afeef_ahmed/assignment_2/asdfr_2_3_ws/install/timing_nodes/include/timing_nodes/timing_nodes/msg/detail/timing__rosidl_typesupport_introspection_c.h
-- Installing: /home/afeef_ahmed/assignment_2/asdfr_2_3_ws/install/timing_nodes/include/timing_nodes/timing_nodes/msg/rosidl_typesupport_introspection_c__visibility_control.h
-- Installing: /home/afeef_ahmed/assignment_2/asdfr_2_3_ws/install/timing_nodes/lib/libtiming_nodes__rosidl_typesupport_introspection_c.so
-- Set non-toolchain portion of runtime path of "/home/afeef_ahmed/assignment_2/asdfr_2_3_ws/install/timing_nodes/lib/libtiming_nodes__rosidl_typesupport_introspection_c.so" to ""
-- Installing: /home/afeef_ahmed/assignment_2/asdfr_2_3_ws/install/timing_nodes/lib/libtiming_nodes__rosidl_typesupport_c.so
-- Set non-toolchain portion of runtime path of "/home/afeef_ahmed/assignment_2/asdfr_2_3_ws/install/timing_nodes/lib/libtiming_nodes__rosidl_typesupport_c.so" to ""
-- Up-to-date: /home/afeef_ahmed/assignment_2/asdfr_2_3_ws/install/timing_nodes/include/timing_nodes/timing_nodes
-- Up-to-date: /home/afeef_ahmed/assignment_2/asdfr_2_3_ws/install/timing_nodes/include/timing_nodes/timing_nodes/msg
-- Up-to-date: /home/afeef_ahmed/assignment_2/asdfr_2_3_ws/install/timing_nodes/include/timing_nodes/timing_nodes/msg/detail
-- Installing: /home/afeef_ahmed/assignment_2/asdfr_2_3_ws/install/timing_nodes/include/timing_nodes/timing_nodes/msg/detail/timing__traits.hpp
-- Installing: /home/afeef_ahmed/assignment_2/asdfr_2_3_ws/install/timing_nodes/include/timing_nodes/timing_nodes/msg/detail/timing__type_support.hpp
-- Installing: /home/afeef_ahmed/assignment_2/asdfr_2_3_ws/install/timing_nodes/include/timing_nodes/timing_nodes/msg/detail/timing__builder.hpp
-- Installing: /home/afeef_ahmed/assignment_2/asdfr_2_3_ws/install/timing_nodes/include/timing_nodes/timing_nodes/msg/detail/timing__struct.hpp
-- Installing: /home/afeef_ahmed/assignment_2/asdfr_2_3_ws/install/timing_nodes/include/timing_nodes/timing_nodes/msg/rosidl_generator_cpp__visibility_control.hpp
-- Installing: /home/afeef_ahmed/assignment_2/asdfr_2_3_ws/install/timing_nodes/include/timing_nodes/timing_nodes/msg/timing.hpp
-- Up-to-date: /home/afeef_ahmed/assignment_2/asdfr_2_3_ws/install/timing_nodes/include/timing_nodes/timing_nodes
-- Up-to-date: /home/afeef_ahmed/assignment_2/asdfr_2_3_ws/install/timing_nodes/include/timing_nodes/timing_nodes/msg
-- Up-to-date: /home/afeef_ahmed/assignment_2/asdfr_2_3_ws/install/timing_nodes/include/timing_nodes/timing_nodes/msg/detail
-- Installing: /home/afeef_ahmed/assignment_2/asdfr_2_3_ws/install/timing_nodes/include/timing_nodes/timing_nodes/msg/detail/timing__rosidl_typesupport_fastrtps_cpp.hpp
-- Installing: /home/afeef_ahmed/assignment_2/asdfr_2_3_ws/install/timing_nodes/include/timing_nodes/timing_nodes/msg/detail/dds_fastrtps
-- Installing: /home/afeef_ahmed/assignment_2/asdfr_2_3_ws/install/timing_nodes/include/timing_nodes/timing_nodes/msg/rosidl_typesupport_fastrtps_cpp__visibility_control.h
-- Installing: /home/afeef_ahmed/assignment_2/asdfr_2_3_ws/install/timing_nodes/lib/libtiming_nodes__rosidl_typesupport_fastrtps_cpp.so
-- Set non-toolchain portion of runtime path of "/home/afeef_ahmed/assignment_2/asdfr_2_3_ws/install/timing_nodes/lib/libtiming_nodes__rosidl_typesupport_fastrtps_cpp.so" to ""
-- Up-to-date: /home/afeef_ahmed/assignment_2/asdfr_2_3_ws/install/timing_nodes/include/timing_nodes/timing_nodes
-- Up-to-date: /home/afeef_ahmed/assignment_2/asdfr_2_3_ws/install/timing_nodes/include/timing_nodes/timing_nodes/msg
-- Up-to-date: /home/afeef_ahmed/assignment_2/asdfr_2_3_ws/install/timing_nodes/include/timing_nodes/timing_nodes/msg/detail
-- Installing: /home/afeef_ahmed/assignment_2/asdfr_2_3_ws/install/timing_nodes/include/timing_nodes/timing_nodes/msg/detail/timing__rosidl_typesupport_introspection_cpp.hpp
-- Installing: /home/afeef_ahmed/assignment_2/asdfr_2_3_ws/install/timing_nodes/include/timing_nodes/timing_nodes/msg/detail/timing__type_support.cpp
-- Installing: /home/afeef_ahmed/assignment_2/asdfr_2_3_ws/install/timing_nodes/lib/libtiming_nodes__rosidl_typesupport_introspection_cpp.so
-- Set non-toolchain portion of runtime path of "/home/afeef_ahmed/assignment_2/asdfr_2_3_ws/install/timing_nodes/lib/libtiming_nodes__rosidl_typesupport_introspection_cpp.so" to ""
-- Installing: /home/afeef_ahmed/assignment_2/asdfr_2_3_ws/install/timing_nodes/lib/libtiming_nodes__rosidl_typesupport_cpp.so
-- Set non-toolchain portion of runtime path of "/home/afeef_ahmed/assignment_2/asdfr_2_3_ws/install/timing_nodes/lib/libtiming_nodes__rosidl_typesupport_cpp.so" to ""
-- Installing: /home/afeef_ahmed/assignment_2/asdfr_2_3_ws/install/timing_nodes/share/timing_nodes/environment/pythonpath.sh
-- Installing: /home/afeef_ahmed/assignment_2/asdfr_2_3_ws/install/timing_nodes/share/timing_nodes/environment/pythonpath.dsv
-- Installing: /home/afeef_ahmed/assignment_2/asdfr_2_3_ws/install/timing_nodes/lib/python3.12/site-packages/timing_nodes-0.0.0-py3.12.egg-info
-- Installing: /home/afeef_ahmed/assignment_2/asdfr_2_3_ws/install/timing_nodes/lib/python3.12/site-packages/timing_nodes-0.0.0-py3.12.egg-info/PKG-INFO
-- Installing: /home/afeef_ahmed/assignment_2/asdfr_2_3_ws/install/timing_nodes/lib/python3.12/site-packages/timing_nodes-0.0.0-py3.12.egg-info/dependency_links.txt
-- Installing: /home/afeef_ahmed/assignment_2/asdfr_2_3_ws/install/timing_nodes/lib/python3.12/site-packages/timing_nodes-0.0.0-py3.12.egg-info/top_level.txt
-- Installing: /home/afeef_ahmed/assignment_2/asdfr_2_3_ws/install/timing_nodes/lib/python3.12/site-packages/timing_nodes-0.0.0-py3.12.egg-info/SOURCES.txt
-- Installing: /home/afeef_ahmed/assignment_2/asdfr_2_3_ws/install/timing_nodes/lib/python3.12/site-packages/timing_nodes
-- Installing: /home/afeef_ahmed/assignment_2/asdfr_2_3_ws/install/timing_nodes/lib/python3.12/site-packages/timing_nodes/msg
-- Installing: /home/afeef_ahmed/assignment_2/asdfr_2_3_ws/install/timing_nodes/lib/python3.12/site-packages/timing_nodes/msg/__init__.py
-- Installing: /home/afeef_ahmed/assignment_2/asdfr_2_3_ws/install/timing_nodes/lib/python3.12/site-packages/timing_nodes/msg/_timing_s.c
-- Installing: /home/afeef_ahmed/assignment_2/asdfr_2_3_ws/install/timing_nodes/lib/python3.12/site-packages/timing_nodes/msg/_timing.py
-- Installing: /home/afeef_ahmed/assignment_2/asdfr_2_3_ws/install/timing_nodes/lib/python3.12/site-packages/timing_nodes/timing_nodes_s__rosidl_typesupport_c.so
-- Installing: /home/afeef_ahmed/assignment_2/asdfr_2_3_ws/install/timing_nodes/lib/python3.12/site-packages/timing_nodes/_timing_nodes_s.ep.rosidl_typesupport_c.c
-- Installing: /home/afeef_ahmed/assignment_2/asdfr_2_3_ws/install/timing_nodes/lib/python3.12/site-packages/timing_nodes/__init__.py
-- Installing: /home/afeef_ahmed/assignment_2/asdfr_2_3_ws/install/timing_nodes/lib/python3.12/site-packages/timing_nodes/timing_nodes_s__rosidl_typesupport_introspection_c.so
-- Installing: /home/afeef_ahmed/assignment_2/asdfr_2_3_ws/install/timing_nodes/lib/python3.12/site-packages/timing_nodes/_timing_nodes_s.ep.rosidl_typesupport_fastrtps_c.c
-- Installing: /home/afeef_ahmed/assignment_2/asdfr_2_3_ws/install/timing_nodes/lib/python3.12/site-packages/timing_nodes/timing_nodes_s__rosidl_typesupport_fastrtps_c.so
-- Installing: /home/afeef_ahmed/assignment_2/asdfr_2_3_ws/install/timing_nodes/lib/python3.12/site-packages/timing_nodes/_timing_nodes_s.ep.rosidl_typesupport_introspection_c.c
Listing '/home/afeef_ahmed/assignment_2/asdfr_2_3_ws/install/timing_nodes/lib/python3.12/site-packages/timing_nodes'...
Compiling '/home/afeef_ahmed/assignment_2/asdfr_2_3_ws/install/timing_nodes/lib/python3.12/site-packages/timing_nodes/__init__.py'...
Listing '/home/afeef_ahmed/assignment_2/asdfr_2_3_ws/install/timing_nodes/lib/python3.12/site-packages/timing_nodes/msg'...
Compiling '/home/afeef_ahmed/assignment_2/asdfr_2_3_ws/install/timing_nodes/lib/python3.12/site-packages/timing_nodes/msg/__init__.py'...
Compiling '/home/afeef_ahmed/assignment_2/asdfr_2_3_ws/install/timing_nodes/lib/python3.12/site-packages/timing_nodes/msg/_timing.py'...
-- Installing: /home/afeef_ahmed/assignment_2/asdfr_2_3_ws/install/timing_nodes/lib/python3.12/site-packages/timing_nodes/timing_nodes_s__rosidl_typesupport_fastrtps_c.so
-- Set non-toolchain portion of runtime path of "/home/afeef_ahmed/assignment_2/asdfr_2_3_ws/install/timing_nodes/lib/python3.12/site-packages/timing_nodes/timing_nodes_s__rosidl_typesupport_fastrtps_c.so" to ""
-- Installing: /home/afeef_ahmed/assignment_2/asdfr_2_3_ws/install/timing_nodes/lib/python3.12/site-packages/timing_nodes/timing_nodes_s__rosidl_typesupport_introspection_c.so
-- Set non-toolchain portion of runtime path of "/home/afeef_ahmed/assignment_2/asdfr_2_3_ws/install/timing_nodes/lib/python3.12/site-packages/timing_nodes/timing_nodes_s__rosidl_typesupport_introspection_c.so" to ""
-- Installing: /home/afeef_ahmed/assignment_2/asdfr_2_3_ws/install/timing_nodes/lib/python3.12/site-packages/timing_nodes/timing_nodes_s__rosidl_typesupport_c.so
-- Set non-toolchain portion of runtime path of "/home/afeef_ahmed/assignment_2/asdfr_2_3_ws/install/timing_nodes/lib/python3.12/site-packages/timing_nodes/timing_nodes_s__rosidl_typesupport_c.so" to ""
-- Installing: /home/afeef_ahmed/assignment_2/asdfr_2_3_ws/install/timing_nodes/lib/libtiming_nodes__rosidl_generator_py.so
-- Set non-toolchain portion of runtime path of "/home/afeef_ahmed/assignment_2/asdfr_2_3_ws/install/timing_nodes/lib/libtiming_nodes__rosidl_generator_py.so" to ""
-- Installing: /home/afeef_ahmed/assignment_2/asdfr_2_3_ws/install/timing_nodes/share/timing_nodes/msg/Timing.idl
-- Installing: /home/afeef_ahmed/assignment_2/asdfr_2_3_ws/install/timing_nodes/share/timing_nodes/msg/Timing.msg
-- Installing: /home/afeef_ahmed/assignment_2/asdfr_2_3_ws/install/timing_nodes/lib/timing_nodes/seq_node
-- Set non-toolchain portion of runtime path of "/home/afeef_ahmed/assignment_2/asdfr_2_3_ws/install/timing_nodes/lib/timing_nodes/seq_node" to ""
-- Installing: /home/afeef_ahmed/assignment_2/asdfr_2_3_ws/install/timing_nodes/lib/timing_nodes/loop_node
-- Set non-toolchain portion of runtime path of "/home/afeef_ahmed/assignment_2/asdfr_2_3_ws/install/timing_nodes/lib/timing_nodes/loop_node" to ""
-- Installing: /home/afeef_ahmed/assignment_2/asdfr_2_3_ws/install/timing_nodes/share/ament_index/resource_index/package_run_dependencies/timing_nodes
-- Installing: /home/afeef_ahmed/assignment_2/asdfr_2_3_ws/install/timing_nodes/share/ament_index/resource_index/parent_prefix_path/timing_nodes
-- Installing: /home/afeef_ahmed/assignment_2/asdfr_2_3_ws/install/timing_nodes/share/timing_nodes/environment/ament_prefix_path.sh
-- Installing: /home/afeef_ahmed/assignment_2/asdfr_2_3_ws/install/timing_nodes/share/timing_nodes/environment/ament_prefix_path.dsv
-- Installing: /home/afeef_ahmed/assignment_2/asdfr_2_3_ws/install/timing_nodes/share/timing_nodes/environment/path.sh
-- Installing: /home/afeef_ahmed/assignment_2/asdfr_2_3_ws/install/timing_nodes/share/timing_nodes/environment/path.dsv
-- Installing: /home/afeef_ahmed/assignment_2/asdfr_2_3_ws/install/timing_nodes/share/timing_nodes/local_setup.bash
-- Installing: /home/afeef_ahmed/assignment_2/asdfr_2_3_ws/install/timing_nodes/share/timing_nodes/local_setup.sh
-- Installing: /home/afeef_ahmed/assignment_2/asdfr_2_3_ws/install/timing_nodes/share/timing_nodes/local_setup.zsh
-- Installing: /home/afeef_ahmed/assignment_2/asdfr_2_3_ws/install/timing_nodes/share/timing_nodes/local_setup.dsv
-- Installing: /home/afeef_ahmed/assignment_2/asdfr_2_3_ws/install/timing_nodes/share/timing_nodes/package.dsv
-- Installing: /home/afeef_ahmed/assignment_2/asdfr_2_3_ws/install/timing_nodes/share/ament_index/resource_index/packages/timing_nodes
-- Installing: /home/afeef_ahmed/assignment_2/asdfr_2_3_ws/install/timing_nodes/share/timing_nodes/cmake/export_timing_nodes__rosidl_generator_cExport.cmake
-- Installing: /home/afeef_ahmed/assignment_2/asdfr_2_3_ws/install/timing_nodes/share/timing_nodes/cmake/export_timing_nodes__rosidl_generator_cExport-noconfig.cmake
-- Installing: /home/afeef_ahmed/assignment_2/asdfr_2_3_ws/install/timing_nodes/share/timing_nodes/cmake/export_timing_nodes__rosidl_typesupport_fastrtps_cExport.cmake
-- Installing: /home/afeef_ahmed/assignment_2/asdfr_2_3_ws/install/timing_nodes/share/timing_nodes/cmake/export_timing_nodes__rosidl_typesupport_fastrtps_cExport-noconfig.cmake
-- Installing: /home/afeef_ahmed/assignment_2/asdfr_2_3_ws/install/timing_nodes/share/timing_nodes/cmake/timing_nodes__rosidl_typesupport_introspection_cExport.cmake
-- Installing: /home/afeef_ahmed/assignment_2/asdfr_2_3_ws/install/timing_nodes/share/timing_nodes/cmake/timing_nodes__rosidl_typesupport_introspection_cExport-noconfig.cmake
-- Installing: /home/afeef_ahmed/assignment_2/asdfr_2_3_ws/install/timing_nodes/share/timing_nodes/cmake/timing_nodes__rosidl_typesupport_cExport.cmake
-- Installing: /home/afeef_ahmed/assignment_2/asdfr_2_3_ws/install/timing_nodes/share/timing_nodes/cmake/timing_nodes__rosidl_typesupport_cExport-noconfig.cmake
-- Installing: /home/afeef_ahmed/assignment_2/asdfr_2_3_ws/install/timing_nodes/share/timing_nodes/cmake/export_timing_nodes__rosidl_generator_cppExport.cmake
-- Installing: /home/afeef_ahmed/assignment_2/asdfr_2_3_ws/install/timing_nodes/share/timing_nodes/cmake/export_timing_nodes__rosidl_typesupport_fastrtps_cppExport.cmake
-- Installing: /home/afeef_ahmed/assignment_2/asdfr_2_3_ws/install/timing_nodes/share/timing_nodes/cmake/export_timing_nodes__rosidl_typesupport_fastrtps_cppExport-noconfig.cmake
-- Installing: /home/afeef_ahmed/assignment_2/asdfr_2_3_ws/install/timing_nodes/share/timing_nodes/cmake/timing_nodes__rosidl_typesupport_introspection_cppExport.cmake
-- Installing: /home/afeef_ahmed/assignment_2/asdfr_2_3_ws/install/timing_nodes/share/timing_nodes/cmake/timing_nodes__rosidl_typesupport_introspection_cppExport-noconfig.cmake
-- Installing: /home/afeef_ahmed/assignment_2/asdfr_2_3_ws/install/timing_nodes/share/timing_nodes/cmake/timing_nodes__rosidl_typesupport_cppExport.cmake
-- Installing: /home/afeef_ahmed/assignment_2/asdfr_2_3_ws/install/timing_nodes/share/timing_nodes/cmake/timing_nodes__rosidl_typesupport_cppExport-noconfig.cmake
-- Installing: /home/afeef_ahmed/assignment_2/asdfr_2_3_ws/install/timing_nodes/share/timing_nodes/cmake/export_timing_nodes__rosidl_generator_pyExport.cmake
-- Installing: /home/afeef_ahmed/assignment_2/asdfr_2_3_ws/install/timing_nodes/share/timing_nodes/cmake/export_timing_nodes__rosidl_generator_pyExport-noconfig.cmake
-- Installing: /home/afeef_ahmed/assignment_2/asdfr_2_3_ws/install/timing_nodes/share/timing_nodes/cmake/rosidl_cmake-extras.cmake
-- Installing: /home/afeef_ahmed/assignment_2/asdfr_2_3_ws/install/timing_nodes/share/timing_nodes/cmake/ament_cmake_export_dependencies-extras.cmake
-- Installing: /home/afeef_ahmed/assignment_2/asdfr_2_3_ws/install/timing_nodes/share/timing_nodes/cmake/ament_cmake_export_include_directories-extras.cmake
-- Installing: /home/afeef_ahmed/assignment_2/asdfr_2_3_ws/install/timing_nodes/share/timing_nodes/cmake/ament_cmake_export_libraries-extras.cmake
-- Installing: /home/afeef_ahmed/assignment_2/asdfr_2_3_ws/install/timing_nodes/share/timing_nodes/cmake/ament_cmake_export_targets-extras.cmake
-- Installing: /home/afeef_ahmed/assignment_2/asdfr_2_3_ws/install/timing_nodes/share/timing_nodes/cmake/rosidl_cmake_export_typesupport_targets-extras.cmake
-- Installing: /home/afeef_ahmed/assignment_2/asdfr_2_3_ws/install/timing_nodes/share/timing_nodes/cmake/rosidl_cmake_export_typesupport_libraries-extras.cmake
-- Installing: /home/afeef_ahmed/assignment_2/asdfr_2_3_ws/install/timing_nodes/share/timing_nodes/cmake/timing_nodesConfig.cmake
-- Installing: /home/afeef_ahmed/assignment_2/asdfr_2_3_ws/install/timing_nodes/share/timing_nodes/cmake/timing_nodesConfig-version.cmake
-- Installing: /home/afeef_ahmed/assignment_2/asdfr_2_3_ws/install/timing_nodes/share/timing_nodes/package.xml
