[0.019s] Invoking command in '/home/afeef_ahmed/assignment_2/asdfr_2_3_ws/build/timing_nodes': CMAKE_PREFIX_PATH=${CMAKE_PREFIX_PATH}:/opt/ros/jazzy /usr/bin/cmake /home/afeef_ahmed/assignment_2/asdfr_2_3_ws/src/timing_nodes -DCMAKE_INSTALL_PREFIX=/home/afeef_ahmed/assignment_2/asdfr_2_3_ws/install/timing_nodes
[0.116s] -- Found rosidl_default_generators: 1.6.0 (/opt/ros/jazzy/share/rosidl_default_generators/cmake)
[0.155s] -- Found Python3: /usr/bin/python3 (found version "3.12.3") found components: Interpreter 
[0.270s] -- Using all available rosidl_typesupport_c: rosidl_typesupport_fastrtps_c;rosidl_typesupport_introspection_c
[0.522s] -- Using all available rosidl_typesupport_cpp: rosidl_typesupport_fastrtps_cpp;rosidl_typesupport_introspection_cpp
[0.586s] -- Found rosidl_adapter: 4.6.7 (/opt/ros/jazzy/share/rosidl_adapter/cmake)
[0.595s] -- Found builtin_interfaces: 2.0.3 (/opt/ros/jazzy/share/builtin_interfaces/cmake)
[0.626s] -- Found rclcpp: 28.1.16 (/opt/ros/jazzy/share/rclcpp/cmake)
[0.736s] -- Found rmw_implementation_cmake: 7.3.3 (/opt/ros/jazzy/share/rmw_implementation_cmake/cmake)
[0.740s] -- Found rmw_fastrtps_cpp: 8.4.3 (/opt/ros/jazzy/share/rmw_fastrtps_cpp/cmake)
[1.039s] -- Using RMW implementation 'rmw_fastrtps_cpp' as default
[1.296s] -- Found std_msgs: 5.3.6 (/opt/ros/jazzy/share/std_msgs/cmake)
[1.593s] -- Found ament_cmake_ros: 0.12.0 (/opt/ros/jazzy/share/ament_cmake_ros/cmake)
[1.707s] -- Using all available rosidl_typesupport_c: rosidl_typesupport_fastrtps_c;rosidl_typesupport_introspection_c
[1.832s] -- Using all available rosidl_typesupport_cpp: rosidl_typesupport_fastrtps_cpp;rosidl_typesupport_introspection_cpp
[1.834s] -- Found python_cmake_module: 0.11.1 (/opt/ros/jazzy/share/python_cmake_module/cmake)
[2.288s] -- Found Python3: /usr/bin/python3 (found version "3.12.3") found components: Interpreter Development NumPy Development.Module Development.Embed 
[2.302s] [0mCMake Deprecation Warning at /opt/ros/jazzy/share/rosidl_cmake/cmake/rosidl_target_interfaces.cmake:32 (message):
[2.302s]   Use rosidl_get_typesupport_target() and target_link_libraries() instead of
[2.302s]   rosidl_target_interfaces().  i.e:
[2.302s] 
[2.302s]     rosidl_get_typesupport_target(cpp_typesupport_target "${PROJECT_NAME}" "rosidl_typesupport_cpp")
[2.302s]     target_link_libraries(${PROJECT_NAME}_node "${cpp_typesupport_target}")
[2.303s] 
[2.303s] Call Stack (most recent call first):
[2.303s]   CMakeLists.txt:29 (rosidl_target_interfaces)
[2.303s] 
[2.303s] [0m
[2.303s] [0mCMake Deprecation Warning at /opt/ros/jazzy/share/rosidl_cmake/cmake/rosidl_target_interfaces.cmake:32 (message):
[2.303s]   Use rosidl_get_typesupport_target() and target_link_libraries() instead of
[2.303s]   rosidl_target_interfaces().  i.e:
[2.303s] 
[2.303s]     rosidl_get_typesupport_target(cpp_typesupport_target "${PROJECT_NAME}" "rosidl_typesupport_cpp")
[2.303s]     target_link_libraries(${PROJECT_NAME}_node "${cpp_typesupport_target}")
[2.303s] 
[2.303s] Call Stack (most recent call first):
[2.303s]   CMakeLists.txt:32 (rosidl_target_interfaces)
[2.304s] 
[2.304s] [0m
[2.312s] -- Found ament_lint_auto: 0.17.4 (/opt/ros/jazzy/share/ament_lint_auto/cmake)
[2.362s] -- Added test 'cppcheck' to perform static code analysis on C / C++ code
[2.363s] -- Configured cppcheck include dirs: 
[2.363s] -- Configured cppcheck exclude dirs and/or files: 
[2.365s] -- Added test 'lint_cmake' to check CMake code style
[2.367s] -- Added test 'uncrustify' to check C / C++ code style
[2.367s] -- Configured uncrustify additional arguments: 
[2.368s] -- Added test 'xmllint' to check XML markup files
[2.373s] -- Configuring done (2.3s)
[2.441s] -- Generating done (0.1s)
[2.461s] -- Build files have been written to: /home/afeef_ahmed/assignment_2/asdfr_2_3_ws/build/timing_nodes
[2.478s] Invoked command in '/home/afeef_ahmed/assignment_2/asdfr_2_3_ws/build/timing_nodes' returned '0': CMAKE_PREFIX_PATH=${CMAKE_PREFIX_PATH}:/opt/ros/jazzy /usr/bin/cmake /home/afeef_ahmed/assignment_2/asdfr_2_3_ws/src/timing_nodes -DCMAKE_INSTALL_PREFIX=/home/afeef_ahmed/assignment_2/asdfr_2_3_ws/install/timing_nodes
[2.479s] Invoking command in '/home/afeef_ahmed/assignment_2/asdfr_2_3_ws/build/timing_nodes': CMAKE_PREFIX_PATH=${CMAKE_PREFIX_PATH}:/opt/ros/jazzy /usr/bin/cmake --build /home/afeef_ahmed/assignment_2/asdfr_2_3_ws/build/timing_nodes -- -j8 -l8
[2.534s] [  2%] [34m[1mGenerating type hashes for ROS interfaces[0m
[2.544s] [  2%] Built target ament_cmake_python_copy_timing_nodes
[2.798s] [  2%] Built target timing_nodes__rosidl_generator_type_description
[2.812s] [  5%] [34m[1mGenerating C code for ROS interfaces[0m
[2.826s] [  7%] [34m[1mGenerating C++ code for ROS interfaces[0m
[2.866s] running egg_info
[2.867s] creating timing_nodes.egg-info
[2.912s] writing timing_nodes.egg-info/PKG-INFO
[2.913s] writing dependency_links to timing_nodes.egg-info/dependency_links.txt
[2.913s] writing top-level names to timing_nodes.egg-info/top_level.txt
[2.913s] writing manifest file 'timing_nodes.egg-info/SOURCES.txt'
[3.018s] reading manifest file 'timing_nodes.egg-info/SOURCES.txt'
[3.019s] writing manifest file 'timing_nodes.egg-info/SOURCES.txt'
[3.066s] [  7%] Built target ament_cmake_python_build_timing_nodes_egg
[3.157s] [  7%] Built target timing_nodes__cpp
[3.199s] [ 13%] [32mBuilding C object CMakeFiles/timing_nodes__rosidl_generator_c.dir/rosidl_generator_c/timing_nodes/msg/detail/timing__functions.c.o[0m
[3.200s] [ 13%] [32mBuilding C object CMakeFiles/timing_nodes__rosidl_generator_c.dir/rosidl_generator_c/timing_nodes/msg/detail/timing__description.c.o[0m
[3.200s] [ 15%] [32mBuilding C object CMakeFiles/timing_nodes__rosidl_generator_c.dir/rosidl_generator_c/timing_nodes/msg/detail/timing__type_support.c.o[0m
[3.346s] [ 18%] [32m[1mLinking C shared library libtiming_nodes__rosidl_generator_c.so[0m
[3.501s] [ 18%] Built target timing_nodes__rosidl_generator_c
[3.513s] [ 23%] [34m[1mGenerating C type support dispatch for ROS interfaces[0m
[3.513s] [ 23%] [34m[1mGenerating C introspection for ROS interfaces[0m
[3.514s] [ 26%] [34m[1mGenerating C++ type support dispatch for ROS interfaces[0m
[3.514s] [ 28%] [34m[1mGenerating C type support for eProsima Fast-RTPS[0m
[3.521s] [ 34%] [34m[1mGenerating C++ introspection for ROS interfaces[0m
[3.522s] [ 34%] [34m[1mGenerating C++ type support for eProsima Fast-RTPS[0m
[3.996s] [ 36%] [32mBuilding CXX object CMakeFiles/timing_nodes__rosidl_typesupport_c.dir/rosidl_typesupport_c/timing_nodes/msg/timing__type_support.cpp.o[0m
[4.016s] [ 39%] [32mBuilding CXX object CMakeFiles/timing_nodes__rosidl_typesupport_cpp.dir/rosidl_typesupport_cpp/timing_nodes/msg/timing__type_support.cpp.o[0m
[4.029s] [ 42%] [32mBuilding CXX object CMakeFiles/timing_nodes__rosidl_typesupport_introspection_cpp.dir/rosidl_typesupport_introspection_cpp/timing_nodes/msg/detail/timing__type_support.cpp.o[0m
[4.031s] [ 44%] [32mBuilding C object CMakeFiles/timing_nodes__rosidl_typesupport_introspection_c.dir/rosidl_typesupport_introspection_c/timing_nodes/msg/detail/timing__type_support.c.o[0m
[4.088s] [ 47%] [32mBuilding CXX object CMakeFiles/timing_nodes__rosidl_typesupport_fastrtps_c.dir/rosidl_typesupport_fastrtps_c/timing_nodes/msg/detail/timing__type_support_c.cpp.o[0m
[4.088s] [ 50%] [32mBuilding CXX object CMakeFiles/timing_nodes__rosidl_typesupport_fastrtps_cpp.dir/rosidl_typesupport_fastrtps_cpp/timing_nodes/msg/detail/dds_fastrtps/timing__type_support.cpp.o[0m
[4.101s] [ 52%] [32m[1mLinking C shared library libtiming_nodes__rosidl_typesupport_introspection_c.so[0m
[4.166s] [ 55%] [32m[1mLinking CXX shared library libtiming_nodes__rosidl_typesupport_c.so[0m
[4.355s] [ 55%] Built target timing_nodes__rosidl_typesupport_introspection_c
[4.437s] [ 55%] Built target timing_nodes__rosidl_typesupport_c
[4.883s] [ 57%] [32m[1mLinking CXX shared library libtiming_nodes__rosidl_typesupport_cpp.so[0m
[4.939s] [ 60%] [32m[1mLinking CXX shared library libtiming_nodes__rosidl_typesupport_introspection_cpp.so[0m
[5.249s] [ 60%] Built target timing_nodes__rosidl_typesupport_cpp
[5.353s] [ 60%] Built target timing_nodes__rosidl_typesupport_introspection_cpp
[5.386s] [ 65%] [32m[1mLinking CXX shared library libtiming_nodes__rosidl_typesupport_fastrtps_c.so[0m
[5.386s] [ 65%] [32m[1mLinking CXX shared library libtiming_nodes__rosidl_typesupport_fastrtps_cpp.so[0m
[5.581s] [ 65%] Built target timing_nodes__rosidl_typesupport_fastrtps_cpp
[5.582s] [ 65%] Built target timing_nodes__rosidl_typesupport_fastrtps_c
[5.604s] [ 65%] Built target timing_nodes
[5.629s] [ 73%] [34m[1mGenerating Python code for ROS interfaces[0m
[5.629s] [ 73%] [32mBuilding CXX object CMakeFiles/seq_node.dir/src/seq_node.cpp.o[0m
[5.629s] [ 73%] [32mBuilding CXX object CMakeFiles/loop_node.dir/src/loop_node.cpp.o[0m
[6.016s] [ 73%] Built target timing_nodes__py
[6.044s] [ 76%] [32mBuilding C object CMakeFiles/timing_nodes__rosidl_generator_py.dir/rosidl_generator_py/timing_nodes/msg/_timing_s.c.o[0m
[6.263s] [ 78%] [32m[1mLinking C shared library libtiming_nodes__rosidl_generator_py.so[0m
[6.469s] [ 78%] Built target timing_nodes__rosidl_generator_py
[6.498s] [ 81%] [32mBuilding C object CMakeFiles/timing_nodes_s__rosidl_typesupport_introspection_c.dir/rosidl_generator_py/timing_nodes/_timing_nodes_s.ep.rosidl_typesupport_introspection_c.c.o[0m
[6.499s] [ 84%] [32mBuilding C object CMakeFiles/timing_nodes_s__rosidl_typesupport_fastrtps_c.dir/rosidl_generator_py/timing_nodes/_timing_nodes_s.ep.rosidl_typesupport_fastrtps_c.c.o[0m
[6.507s] [ 86%] [32mBuilding C object CMakeFiles/timing_nodes_s__rosidl_typesupport_c.dir/rosidl_generator_py/timing_nodes/_timing_nodes_s.ep.rosidl_typesupport_c.c.o[0m
[6.696s] [ 89%] [32m[1mLinking C shared module rosidl_generator_py/timing_nodes/timing_nodes_s__rosidl_typesupport_fastrtps_c.so[0m
[6.701s] [ 92%] [32m[1mLinking C shared module rosidl_generator_py/timing_nodes/timing_nodes_s__rosidl_typesupport_introspection_c.so[0m
[6.707s] [ 94%] [32m[1mLinking C shared module rosidl_generator_py/timing_nodes/timing_nodes_s__rosidl_typesupport_c.so[0m
[6.866s] [ 94%] Built target timing_nodes_s__rosidl_typesupport_fastrtps_c
[6.870s] [ 94%] Built target timing_nodes_s__rosidl_typesupport_introspection_c
[6.931s] [ 94%] Built target timing_nodes_s__rosidl_typesupport_c
[20.458s] [ 97%] [32m[1mLinking CXX executable loop_node[0m
[20.663s] [100%] [32m[1mLinking CXX executable seq_node[0m
[21.303s] [100%] Built target loop_node
[21.316s] [100%] Built target seq_node
[21.337s] Invoked command in '/home/afeef_ahmed/assignment_2/asdfr_2_3_ws/build/timing_nodes' returned '0': CMAKE_PREFIX_PATH=${CMAKE_PREFIX_PATH}:/opt/ros/jazzy /usr/bin/cmake --build /home/afeef_ahmed/assignment_2/asdfr_2_3_ws/build/timing_nodes -- -j8 -l8
[21.356s] Invoking command in '/home/afeef_ahmed/assignment_2/asdfr_2_3_ws/build/timing_nodes': CMAKE_PREFIX_PATH=${CMAKE_PREFIX_PATH}:/opt/ros/jazzy /usr/bin/cmake --install /home/afeef_ahmed/assignment_2/asdfr_2_3_ws/build/timing_nodes
[21.368s] -- Install configuration: ""
[21.369s] -- Installing: /home/afeef_ahmed/assignment_2/asdfr_2_3_ws/install/timing_nodes/share/ament_index/resource_index/rosidl_interfaces/timing_nodes
[21.370s] -- Installing: /home/afeef_ahmed/assignment_2/asdfr_2_3_ws/install/timing_nodes/share/timing_nodes/msg/Timing.json
[21.370s] -- Installing: /home/afeef_ahmed/assignment_2/asdfr_2_3_ws/install/timing_nodes/include/timing_nodes/timing_nodes
[21.372s] -- Installing: /home/afeef_ahmed/assignment_2/asdfr_2_3_ws/install/timing_nodes/include/timing_nodes/timing_nodes/msg
[21.372s] -- Installing: /home/afeef_ahmed/assignment_2/asdfr_2_3_ws/install/timing_nodes/include/timing_nodes/timing_nodes/msg/timing.h
[21.372s] -- Installing: /home/afeef_ahmed/assignment_2/asdfr_2_3_ws/install/timing_nodes/include/timing_nodes/timing_nodes/msg/detail
[21.373s] -- Installing: /home/afeef_ahmed/assignment_2/asdfr_2_3_ws/install/timing_nodes/include/timing_nodes/timing_nodes/msg/detail/timing__type_support.h
[21.374s] -- Installing: /home/afeef_ahmed/assignment_2/asdfr_2_3_ws/install/timing_nodes/include/timing_nodes/timing_nodes/msg/detail/timing__functions.c
[21.374s] -- Installing: /home/afeef_ahmed/assignment_2/asdfr_2_3_ws/install/timing_nodes/include/timing_nodes/timing_nodes/msg/detail/timing__struct.h
[21.374s] -- Installing: /home/afeef_ahmed/assignment_2/asdfr_2_3_ws/install/timing_nodes/include/timing_nodes/timing_nodes/msg/detail/timing__description.c
[21.375s] -- Installing: /home/afeef_ahmed/assignment_2/asdfr_2_3_ws/install/timing_nodes/include/timing_nodes/timing_nodes/msg/detail/timing__functions.h
[21.375s] -- Installing: /home/afeef_ahmed/assignment_2/asdfr_2_3_ws/install/timing_nodes/include/timing_nodes/timing_nodes/msg/detail/timing__type_support.c
[21.376s] -- Installing: /home/afeef_ahmed/assignment_2/asdfr_2_3_ws/install/timing_nodes/include/timing_nodes/timing_nodes/msg/rosidl_generator_c__visibility_control.h
[21.376s] -- Installing: /home/afeef_ahmed/assignment_2/asdfr_2_3_ws/install/timing_nodes/share/timing_nodes/environment/library_path.sh
[21.377s] -- Installing: /home/afeef_ahmed/assignment_2/asdfr_2_3_ws/install/timing_nodes/share/timing_nodes/environment/library_path.dsv
[21.377s] -- Installing: /home/afeef_ahmed/assignment_2/asdfr_2_3_ws/install/timing_nodes/lib/libtiming_nodes__rosidl_generator_c.so
[21.378s] -- Set non-toolchain portion of runtime path of "/home/afeef_ahmed/assignment_2/asdfr_2_3_ws/install/timing_nodes/lib/libtiming_nodes__rosidl_generator_c.so" to ""
[21.378s] -- Up-to-date: /home/afeef_ahmed/assignment_2/asdfr_2_3_ws/install/timing_nodes/include/timing_nodes/timing_nodes
[21.378s] -- Up-to-date: /home/afeef_ahmed/assignment_2/asdfr_2_3_ws/install/timing_nodes/include/timing_nodes/timing_nodes/msg
[21.378s] -- Up-to-date: /home/afeef_ahmed/assignment_2/asdfr_2_3_ws/install/timing_nodes/include/timing_nodes/timing_nodes/msg/detail
[21.378s] -- Installing: /home/afeef_ahmed/assignment_2/asdfr_2_3_ws/install/timing_nodes/include/timing_nodes/timing_nodes/msg/detail/timing__rosidl_typesupport_fastrtps_c.h
[21.379s] -- Installing: /home/afeef_ahmed/assignment_2/asdfr_2_3_ws/install/timing_nodes/include/timing_nodes/timing_nodes/msg/rosidl_typesupport_fastrtps_c__visibility_control.h
[21.379s] -- Installing: /home/afeef_ahmed/assignment_2/asdfr_2_3_ws/install/timing_nodes/lib/libtiming_nodes__rosidl_typesupport_fastrtps_c.so
[21.379s] -- Set non-toolchain portion of runtime path of "/home/afeef_ahmed/assignment_2/asdfr_2_3_ws/install/timing_nodes/lib/libtiming_nodes__rosidl_typesupport_fastrtps_c.so" to ""
[21.380s] -- Up-to-date: /home/afeef_ahmed/assignment_2/asdfr_2_3_ws/install/timing_nodes/include/timing_nodes/timing_nodes
[21.380s] -- Up-to-date: /home/afeef_ahmed/assignment_2/asdfr_2_3_ws/install/timing_nodes/include/timing_nodes/timing_nodes/msg
[21.381s] -- Up-to-date: /home/afeef_ahmed/assignment_2/asdfr_2_3_ws/install/timing_nodes/include/timing_nodes/timing_nodes/msg/detail
[21.381s] -- Installing: /home/afeef_ahmed/assignment_2/asdfr_2_3_ws/install/timing_nodes/include/timing_nodes/timing_nodes/msg/detail/timing__type_support.c
[21.381s] -- Installing: /home/afeef_ahmed/assignment_2/asdfr_2_3_ws/install/timing_nodes/include/timing_nodes/timing_nodes/msg/detail/timing__rosidl_typesupport_introspection_c.h
[21.382s] -- Installing: /home/afeef_ahmed/assignment_2/asdfr_2_3_ws/install/timing_nodes/include/timing_nodes/timing_nodes/msg/rosidl_typesupport_introspection_c__visibility_control.h
[21.382s] -- Installing: /home/afeef_ahmed/assignment_2/asdfr_2_3_ws/install/timing_nodes/lib/libtiming_nodes__rosidl_typesupport_introspection_c.so
[21.383s] -- Set non-toolchain portion of runtime path of "/home/afeef_ahmed/assignment_2/asdfr_2_3_ws/install/timing_nodes/lib/libtiming_nodes__rosidl_typesupport_introspection_c.so" to ""
[21.383s] -- Installing: /home/afeef_ahmed/assignment_2/asdfr_2_3_ws/install/timing_nodes/lib/libtiming_nodes__rosidl_typesupport_c.so
[21.384s] -- Set non-toolchain portion of runtime path of "/home/afeef_ahmed/assignment_2/asdfr_2_3_ws/install/timing_nodes/lib/libtiming_nodes__rosidl_typesupport_c.so" to ""
[21.384s] -- Up-to-date: /home/afeef_ahmed/assignment_2/asdfr_2_3_ws/install/timing_nodes/include/timing_nodes/timing_nodes
[21.384s] -- Up-to-date: /home/afeef_ahmed/assignment_2/asdfr_2_3_ws/install/timing_nodes/include/timing_nodes/timing_nodes/msg
[21.385s] -- Up-to-date: /home/afeef_ahmed/assignment_2/asdfr_2_3_ws/install/timing_nodes/include/timing_nodes/timing_nodes/msg/detail
[21.385s] -- Installing: /home/afeef_ahmed/assignment_2/asdfr_2_3_ws/install/timing_nodes/include/timing_nodes/timing_nodes/msg/detail/timing__traits.hpp
[21.385s] -- Installing: /home/afeef_ahmed/assignment_2/asdfr_2_3_ws/install/timing_nodes/include/timing_nodes/timing_nodes/msg/detail/timing__type_support.hpp
[21.386s] -- Installing: /home/afeef_ahmed/assignment_2/asdfr_2_3_ws/install/timing_nodes/include/timing_nodes/timing_nodes/msg/detail/timing__builder.hpp
[21.386s] -- Installing: /home/afeef_ahmed/assignment_2/asdfr_2_3_ws/install/timing_nodes/include/timing_nodes/timing_nodes/msg/detail/timing__struct.hpp
[21.387s] -- Installing: /home/afeef_ahmed/assignment_2/asdfr_2_3_ws/install/timing_nodes/include/timing_nodes/timing_nodes/msg/rosidl_generator_cpp__visibility_control.hpp
[21.387s] -- Installing: /home/afeef_ahmed/assignment_2/asdfr_2_3_ws/install/timing_nodes/include/timing_nodes/timing_nodes/msg/timing.hpp
[21.387s] -- Up-to-date: /home/afeef_ahmed/assignment_2/asdfr_2_3_ws/install/timing_nodes/include/timing_nodes/timing_nodes
[21.388s] -- Up-to-date: /home/afeef_ahmed/assignment_2/asdfr_2_3_ws/install/timing_nodes/include/timing_nodes/timing_nodes/msg
[21.388s] -- Up-to-date: /home/afeef_ahmed/assignment_2/asdfr_2_3_ws/install/timing_nodes/include/timing_nodes/timing_nodes/msg/detail
[21.389s] -- Installing: /home/afeef_ahmed/assignment_2/asdfr_2_3_ws/install/timing_nodes/include/timing_nodes/timing_nodes/msg/detail/timing__rosidl_typesupport_fastrtps_cpp.hpp
[21.389s] -- Installing: /home/afeef_ahmed/assignment_2/asdfr_2_3_ws/install/timing_nodes/include/timing_nodes/timing_nodes/msg/detail/dds_fastrtps
[21.389s] -- Installing: /home/afeef_ahmed/assignment_2/asdfr_2_3_ws/install/timing_nodes/include/timing_nodes/timing_nodes/msg/rosidl_typesupport_fastrtps_cpp__visibility_control.h
[21.390s] -- Installing: /home/afeef_ahmed/assignment_2/asdfr_2_3_ws/install/timing_nodes/lib/libtiming_nodes__rosidl_typesupport_fastrtps_cpp.so
[21.390s] -- Set non-toolchain portion of runtime path of "/home/afeef_ahmed/assignment_2/asdfr_2_3_ws/install/timing_nodes/lib/libtiming_nodes__rosidl_typesupport_fastrtps_cpp.so" to ""
[21.390s] -- Up-to-date: /home/afeef_ahmed/assignment_2/asdfr_2_3_ws/install/timing_nodes/include/timing_nodes/timing_nodes
[21.390s] -- Up-to-date: /home/afeef_ahmed/assignment_2/asdfr_2_3_ws/install/timing_nodes/include/timing_nodes/timing_nodes/msg
[21.390s] -- Up-to-date: /home/afeef_ahmed/assignment_2/asdfr_2_3_ws/install/timing_nodes/include/timing_nodes/timing_nodes/msg/detail
[21.390s] -- Installing: /home/afeef_ahmed/assignment_2/asdfr_2_3_ws/install/timing_nodes/include/timing_nodes/timing_nodes/msg/detail/timing__rosidl_typesupport_introspection_cpp.hpp
[21.391s] -- Installing: /home/afeef_ahmed/assignment_2/asdfr_2_3_ws/install/timing_nodes/include/timing_nodes/timing_nodes/msg/detail/timing__type_support.cpp
[21.391s] -- Installing: /home/afeef_ahmed/assignment_2/asdfr_2_3_ws/install/timing_nodes/lib/libtiming_nodes__rosidl_typesupport_introspection_cpp.so
[21.392s] -- Set non-toolchain portion of runtime path of "/home/afeef_ahmed/assignment_2/asdfr_2_3_ws/install/timing_nodes/lib/libtiming_nodes__rosidl_typesupport_introspection_cpp.so" to ""
[21.392s] -- Installing: /home/afeef_ahmed/assignment_2/asdfr_2_3_ws/install/timing_nodes/lib/libtiming_nodes__rosidl_typesupport_cpp.so
[21.392s] -- Set non-toolchain portion of runtime path of "/home/afeef_ahmed/assignment_2/asdfr_2_3_ws/install/timing_nodes/lib/libtiming_nodes__rosidl_typesupport_cpp.so" to ""
[21.393s] -- Installing: /home/afeef_ahmed/assignment_2/asdfr_2_3_ws/install/timing_nodes/share/timing_nodes/environment/pythonpath.sh
[21.393s] -- Installing: /home/afeef_ahmed/assignment_2/asdfr_2_3_ws/install/timing_nodes/share/timing_nodes/environment/pythonpath.dsv
[21.394s] -- Installing: /home/afeef_ahmed/assignment_2/asdfr_2_3_ws/install/timing_nodes/lib/python3.12/site-packages/timing_nodes-0.0.0-py3.12.egg-info
[21.394s] -- Installing: /home/afeef_ahmed/assignment_2/asdfr_2_3_ws/install/timing_nodes/lib/python3.12/site-packages/timing_nodes-0.0.0-py3.12.egg-info/PKG-INFO
[21.394s] -- Installing: /home/afeef_ahmed/assignment_2/asdfr_2_3_ws/install/timing_nodes/lib/python3.12/site-packages/timing_nodes-0.0.0-py3.12.egg-info/dependency_links.txt
[21.394s] -- Installing: /home/afeef_ahmed/assignment_2/asdfr_2_3_ws/install/timing_nodes/lib/python3.12/site-packages/timing_nodes-0.0.0-py3.12.egg-info/top_level.txt
[21.395s] -- Installing: /home/afeef_ahmed/assignment_2/asdfr_2_3_ws/install/timing_nodes/lib/python3.12/site-packages/timing_nodes-0.0.0-py3.12.egg-info/SOURCES.txt
[21.395s] -- Installing: /home/afeef_ahmed/assignment_2/asdfr_2_3_ws/install/timing_nodes/lib/python3.12/site-packages/timing_nodes
[21.395s] -- Installing: /home/afeef_ahmed/assignment_2/asdfr_2_3_ws/install/timing_nodes/lib/python3.12/site-packages/timing_nodes/msg
[21.396s] -- Installing: /home/afeef_ahmed/assignment_2/asdfr_2_3_ws/install/timing_nodes/lib/python3.12/site-packages/timing_nodes/msg/__init__.py
[21.396s] -- Installing: /home/afeef_ahmed/assignment_2/asdfr_2_3_ws/install/timing_nodes/lib/python3.12/site-packages/timing_nodes/msg/_timing_s.c
[21.396s] -- Installing: /home/afeef_ahmed/assignment_2/asdfr_2_3_ws/install/timing_nodes/lib/python3.12/site-packages/timing_nodes/msg/_timing.py
[21.397s] -- Installing: /home/afeef_ahmed/assignment_2/asdfr_2_3_ws/install/timing_nodes/lib/python3.12/site-packages/timing_nodes/timing_nodes_s__rosidl_typesupport_c.so
[21.397s] -- Installing: /home/afeef_ahmed/assignment_2/asdfr_2_3_ws/install/timing_nodes/lib/python3.12/site-packages/timing_nodes/_timing_nodes_s.ep.rosidl_typesupport_c.c
[21.397s] -- Installing: /home/afeef_ahmed/assignment_2/asdfr_2_3_ws/install/timing_nodes/lib/python3.12/site-packages/timing_nodes/__init__.py
[21.397s] -- Installing: /home/afeef_ahmed/assignment_2/asdfr_2_3_ws/install/timing_nodes/lib/python3.12/site-packages/timing_nodes/timing_nodes_s__rosidl_typesupport_introspection_c.so
[21.397s] -- Installing: /home/afeef_ahmed/assignment_2/asdfr_2_3_ws/install/timing_nodes/lib/python3.12/site-packages/timing_nodes/_timing_nodes_s.ep.rosidl_typesupport_fastrtps_c.c
[21.397s] -- Installing: /home/afeef_ahmed/assignment_2/asdfr_2_3_ws/install/timing_nodes/lib/python3.12/site-packages/timing_nodes/timing_nodes_s__rosidl_typesupport_fastrtps_c.so
[21.397s] -- Installing: /home/afeef_ahmed/assignment_2/asdfr_2_3_ws/install/timing_nodes/lib/python3.12/site-packages/timing_nodes/_timing_nodes_s.ep.rosidl_typesupport_introspection_c.c
[21.467s] Listing '/home/afeef_ahmed/assignment_2/asdfr_2_3_ws/install/timing_nodes/lib/python3.12/site-packages/timing_nodes'...
[21.467s] Compiling '/home/afeef_ahmed/assignment_2/asdfr_2_3_ws/install/timing_nodes/lib/python3.12/site-packages/timing_nodes/__init__.py'...
[21.467s] Listing '/home/afeef_ahmed/assignment_2/asdfr_2_3_ws/install/timing_nodes/lib/python3.12/site-packages/timing_nodes/msg'...
[21.467s] Compiling '/home/afeef_ahmed/assignment_2/asdfr_2_3_ws/install/timing_nodes/lib/python3.12/site-packages/timing_nodes/msg/__init__.py'...
[21.467s] Compiling '/home/afeef_ahmed/assignment_2/asdfr_2_3_ws/install/timing_nodes/lib/python3.12/site-packages/timing_nodes/msg/_timing.py'...
[21.476s] -- Installing: /home/afeef_ahmed/assignment_2/asdfr_2_3_ws/install/timing_nodes/lib/python3.12/site-packages/timing_nodes/timing_nodes_s__rosidl_typesupport_fastrtps_c.so
[21.476s] -- Set non-toolchain portion of runtime path of "/home/afeef_ahmed/assignment_2/asdfr_2_3_ws/install/timing_nodes/lib/python3.12/site-packages/timing_nodes/timing_nodes_s__rosidl_typesupport_fastrtps_c.so" to ""
[21.476s] -- Installing: /home/afeef_ahmed/assignment_2/asdfr_2_3_ws/install/timing_nodes/lib/python3.12/site-packages/timing_nodes/timing_nodes_s__rosidl_typesupport_introspection_c.so
[21.477s] -- Set non-toolchain portion of runtime path of "/home/afeef_ahmed/assignment_2/asdfr_2_3_ws/install/timing_nodes/lib/python3.12/site-packages/timing_nodes/timing_nodes_s__rosidl_typesupport_introspection_c.so" to ""
[21.477s] -- Installing: /home/afeef_ahmed/assignment_2/asdfr_2_3_ws/install/timing_nodes/lib/python3.12/site-packages/timing_nodes/timing_nodes_s__rosidl_typesupport_c.so
[21.478s] -- Set non-toolchain portion of runtime path of "/home/afeef_ahmed/assignment_2/asdfr_2_3_ws/install/timing_nodes/lib/python3.12/site-packages/timing_nodes/timing_nodes_s__rosidl_typesupport_c.so" to ""
[21.478s] -- Installing: /home/afeef_ahmed/assignment_2/asdfr_2_3_ws/install/timing_nodes/lib/libtiming_nodes__rosidl_generator_py.so
[21.479s] -- Set non-toolchain portion of runtime path of "/home/afeef_ahmed/assignment_2/asdfr_2_3_ws/install/timing_nodes/lib/libtiming_nodes__rosidl_generator_py.so" to ""
[21.479s] -- Installing: /home/afeef_ahmed/assignment_2/asdfr_2_3_ws/install/timing_nodes/share/timing_nodes/msg/Timing.idl
[21.479s] -- Installing: /home/afeef_ahmed/assignment_2/asdfr_2_3_ws/install/timing_nodes/share/timing_nodes/msg/Timing.msg
[21.480s] -- Installing: /home/afeef_ahmed/assignment_2/asdfr_2_3_ws/install/timing_nodes/lib/timing_nodes/seq_node
[21.486s] -- Set non-toolchain portion of runtime path of "/home/afeef_ahmed/assignment_2/asdfr_2_3_ws/install/timing_nodes/lib/timing_nodes/seq_node" to ""
[21.486s] -- Installing: /home/afeef_ahmed/assignment_2/asdfr_2_3_ws/install/timing_nodes/lib/timing_nodes/loop_node
[21.491s] -- Set non-toolchain portion of runtime path of "/home/afeef_ahmed/assignment_2/asdfr_2_3_ws/install/timing_nodes/lib/timing_nodes/loop_node" to ""
[21.492s] -- Installing: /home/afeef_ahmed/assignment_2/asdfr_2_3_ws/install/timing_nodes/share/ament_index/resource_index/package_run_dependencies/timing_nodes
[21.493s] -- Installing: /home/afeef_ahmed/assignment_2/asdfr_2_3_ws/install/timing_nodes/share/ament_index/resource_index/parent_prefix_path/timing_nodes
[21.494s] -- Installing: /home/afeef_ahmed/assignment_2/asdfr_2_3_ws/install/timing_nodes/share/timing_nodes/environment/ament_prefix_path.sh
[21.494s] -- Installing: /home/afeef_ahmed/assignment_2/asdfr_2_3_ws/install/timing_nodes/share/timing_nodes/environment/ament_prefix_path.dsv
[21.494s] -- Installing: /home/afeef_ahmed/assignment_2/asdfr_2_3_ws/install/timing_nodes/share/timing_nodes/environment/path.sh
[21.495s] -- Installing: /home/afeef_ahmed/assignment_2/asdfr_2_3_ws/install/timing_nodes/share/timing_nodes/environment/path.dsv
[21.495s] -- Installing: /home/afeef_ahmed/assignment_2/asdfr_2_3_ws/install/timing_nodes/share/timing_nodes/local_setup.bash
[21.496s] -- Installing: /home/afeef_ahmed/assignment_2/asdfr_2_3_ws/install/timing_nodes/share/timing_nodes/local_setup.sh
[21.496s] -- Installing: /home/afeef_ahmed/assignment_2/asdfr_2_3_ws/install/timing_nodes/share/timing_nodes/local_setup.zsh
[21.496s] -- Installing: /home/afeef_ahmed/assignment_2/asdfr_2_3_ws/install/timing_nodes/share/timing_nodes/local_setup.dsv
[21.496s] -- Installing: /home/afeef_ahmed/assignment_2/asdfr_2_3_ws/install/timing_nodes/share/timing_nodes/package.dsv
[21.496s] -- Installing: /home/afeef_ahmed/assignment_2/asdfr_2_3_ws/install/timing_nodes/share/ament_index/resource_index/packages/timing_nodes
[21.497s] -- Installing: /home/afeef_ahmed/assignment_2/asdfr_2_3_ws/install/timing_nodes/share/timing_nodes/cmake/export_timing_nodes__rosidl_generator_cExport.cmake
[21.497s] -- Installing: /home/afeef_ahmed/assignment_2/asdfr_2_3_ws/install/timing_nodes/share/timing_nodes/cmake/export_timing_nodes__rosidl_generator_cExport-noconfig.cmake
[21.498s] -- Installing: /home/afeef_ahmed/assignment_2/asdfr_2_3_ws/install/timing_nodes/share/timing_nodes/cmake/export_timing_nodes__rosidl_typesupport_fastrtps_cExport.cmake
[21.498s] -- Installing: /home/afeef_ahmed/assignment_2/asdfr_2_3_ws/install/timing_nodes/share/timing_nodes/cmake/export_timing_nodes__rosidl_typesupport_fastrtps_cExport-noconfig.cmake
[21.499s] -- Installing: /home/afeef_ahmed/assignment_2/asdfr_2_3_ws/install/timing_nodes/share/timing_nodes/cmake/timing_nodes__rosidl_typesupport_introspection_cExport.cmake
[21.500s] -- Installing: /home/afeef_ahmed/assignment_2/asdfr_2_3_ws/install/timing_nodes/share/timing_nodes/cmake/timing_nodes__rosidl_typesupport_introspection_cExport-noconfig.cmake
[21.500s] -- Installing: /home/afeef_ahmed/assignment_2/asdfr_2_3_ws/install/timing_nodes/share/timing_nodes/cmake/timing_nodes__rosidl_typesupport_cExport.cmake
[21.500s] -- Installing: /home/afeef_ahmed/assignment_2/asdfr_2_3_ws/install/timing_nodes/share/timing_nodes/cmake/timing_nodes__rosidl_typesupport_cExport-noconfig.cmake
[21.501s] -- Installing: /home/afeef_ahmed/assignment_2/asdfr_2_3_ws/install/timing_nodes/share/timing_nodes/cmake/export_timing_nodes__rosidl_generator_cppExport.cmake
[21.501s] -- Installing: /home/afeef_ahmed/assignment_2/asdfr_2_3_ws/install/timing_nodes/share/timing_nodes/cmake/export_timing_nodes__rosidl_typesupport_fastrtps_cppExport.cmake
[21.502s] -- Installing: /home/afeef_ahmed/assignment_2/asdfr_2_3_ws/install/timing_nodes/share/timing_nodes/cmake/export_timing_nodes__rosidl_typesupport_fastrtps_cppExport-noconfig.cmake
[21.502s] -- Installing: /home/afeef_ahmed/assignment_2/asdfr_2_3_ws/install/timing_nodes/share/timing_nodes/cmake/timing_nodes__rosidl_typesupport_introspection_cppExport.cmake
[21.503s] -- Installing: /home/afeef_ahmed/assignment_2/asdfr_2_3_ws/install/timing_nodes/share/timing_nodes/cmake/timing_nodes__rosidl_typesupport_introspection_cppExport-noconfig.cmake
[21.503s] -- Installing: /home/afeef_ahmed/assignment_2/asdfr_2_3_ws/install/timing_nodes/share/timing_nodes/cmake/timing_nodes__rosidl_typesupport_cppExport.cmake
[21.503s] -- Installing: /home/afeef_ahmed/assignment_2/asdfr_2_3_ws/install/timing_nodes/share/timing_nodes/cmake/timing_nodes__rosidl_typesupport_cppExport-noconfig.cmake
[21.504s] -- Installing: /home/afeef_ahmed/assignment_2/asdfr_2_3_ws/install/timing_nodes/share/timing_nodes/cmake/export_timing_nodes__rosidl_generator_pyExport.cmake
[21.504s] -- Installing: /home/afeef_ahmed/assignment_2/asdfr_2_3_ws/install/timing_nodes/share/timing_nodes/cmake/export_timing_nodes__rosidl_generator_pyExport-noconfig.cmake
[21.505s] -- Installing: /home/afeef_ahmed/assignment_2/asdfr_2_3_ws/install/timing_nodes/share/timing_nodes/cmake/rosidl_cmake-extras.cmake
[21.505s] -- Installing: /home/afeef_ahmed/assignment_2/asdfr_2_3_ws/install/timing_nodes/share/timing_nodes/cmake/ament_cmake_export_dependencies-extras.cmake
[21.505s] -- Installing: /home/afeef_ahmed/assignment_2/asdfr_2_3_ws/install/timing_nodes/share/timing_nodes/cmake/ament_cmake_export_include_directories-extras.cmake
[21.506s] -- Installing: /home/afeef_ahmed/assignment_2/asdfr_2_3_ws/install/timing_nodes/share/timing_nodes/cmake/ament_cmake_export_libraries-extras.cmake
[21.506s] -- Installing: /home/afeef_ahmed/assignment_2/asdfr_2_3_ws/install/timing_nodes/share/timing_nodes/cmake/ament_cmake_export_targets-extras.cmake
[21.506s] -- Installing: /home/afeef_ahmed/assignment_2/asdfr_2_3_ws/install/timing_nodes/share/timing_nodes/cmake/rosidl_cmake_export_typesupport_targets-extras.cmake
[21.506s] -- Installing: /home/afeef_ahmed/assignment_2/asdfr_2_3_ws/install/timing_nodes/share/timing_nodes/cmake/rosidl_cmake_export_typesupport_libraries-extras.cmake
[21.507s] -- Installing: /home/afeef_ahmed/assignment_2/asdfr_2_3_ws/install/timing_nodes/share/timing_nodes/cmake/timing_nodesConfig.cmake
[21.507s] -- Installing: /home/afeef_ahmed/assignment_2/asdfr_2_3_ws/install/timing_nodes/share/timing_nodes/cmake/timing_nodesConfig-version.cmake
[21.507s] -- Installing: /home/afeef_ahmed/assignment_2/asdfr_2_3_ws/install/timing_nodes/share/timing_nodes/package.xml
[21.510s] Invoked command in '/home/afeef_ahmed/assignment_2/asdfr_2_3_ws/build/timing_nodes' returned '0': CMAKE_PREFIX_PATH=${CMAKE_PREFIX_PATH}:/opt/ros/jazzy /usr/bin/cmake --install /home/afeef_ahmed/assignment_2/asdfr_2_3_ws/build/timing_nodes
