[  2%] Built target timing_nodes__rosidl_generator_type_description
[  2%] Built target ament_cmake_python_copy_timing_nodes
[ 18%] Built target timing_nodes__cpp
[ 18%] Built target timing_nodes__rosidl_generator_c
[ 26%] Built target timing_nodes__rosidl_typesupport_fastrtps_c
[ 34%] Built target timing_nodes__rosidl_typesupport_introspection_c
[ 42%] Built target timing_nodes__rosidl_typesupport_c
[ 50%] Built target timing_nodes__rosidl_typesupport_introspection_cpp
[ 57%] Built target timing_nodes__rosidl_typesupport_cpp
[ 65%] Built target timing_nodes__rosidl_typesupport_fastrtps_cpp
[ 65%] Built target timing_nodes
[ 68%] Built target timing_nodes__py
[ 73%] Built target loop_node
[ 76%] [32mBuilding CXX object CMakeFiles/seq_node.dir/src/seq_node.cpp.o[0m
[ 81%] Built target timing_nodes__rosidl_generator_py
[ 86%] Built target timing_nodes_s__rosidl_typesupport_introspection_c
[ 92%] Built target timing_nodes_s__rosidl_typesupport_fastrtps_c
[ 97%] Built target timing_nodes_s__rosidl_typesupport_c
running egg_info
writing timing_nodes.egg-info/PKG-INFO
writing dependency_links to timing_nodes.egg-info/dependency_links.txt
writing top-level names to timing_nodes.egg-info/top_level.txt
reading manifest file 'timing_nodes.egg-info/SOURCES.txt'
writing manifest file 'timing_nodes.egg-info/SOURCES.txt'
[ 97%] Built target ament_cmake_python_build_timing_nodes_egg
[100%] [32m[1mLinking CXX executable seq_node[0m
[100%] Built target seq_node
-- Install configuration: ""
-- Up-to-date: /home/afeef_ahmed/assignment_2/asdfr_2_3_ws/install/timing_nodes/share/ament_index/resource_index/rosidl_interfaces/timing_nodes
-- Up-to-date: /home/afeef_ahmed/assignment_2/asdfr_2_3_ws/install/timing_nodes/share/timing_nodes/msg/Timing.json
-- Up-to-date: /home/afeef_ahmed/assignment_2/asdfr_2_3_ws/install/timing_nodes/include/timing_nodes/timing_nodes
-- Up-to-date: /home/afeef_ahmed/assignment_2/asdfr_2_3_ws/install/timing_nodes/include/timing_nodes/timing_nodes/msg
-- Up-to-date: /home/afeef_ahmed/assignment_2/asdfr_2_3_ws/install/timing_nodes/include/timing_nodes/timing_nodes/msg/timing.h
-- Up-to-date: /home/afeef_ahmed/assignment_2/asdfr_2_3_ws/install/timing_nodes/include/timing_nodes/timing_nodes/msg/detail
-- Up-to-date: /home/afeef_ahmed/assignment_2/asdfr_2_3_ws/install/timing_nodes/include/timing_nodes/timing_nodes/msg/detail/timing__type_support.h
-- Up-to-date: /home/afeef_ahmed/assignment_2/asdfr_2_3_ws/install/timing_nodes/include/timing_nodes/timing_nodes/msg/detail/timing__functions.c
-- Up-to-date: /home/afeef_ahmed/assignment_2/asdfr_2_3_ws/install/timing_nodes/include/timing_nodes/timing_nodes/msg/detail/timing__struct.h
-- Up-to-date: /home/afeef_ahmed/assignment_2/asdfr_2_3_ws/install/timing_nodes/include/timing_nodes/timing_nodes/msg/detail/timing__description.c
-- Up-to-date: /home/afeef_ahmed/assignment_2/asdfr_2_3_ws/install/timing_nodes/include/timing_nodes/timing_nodes/msg/detail/timing__functions.h
-- Up-to-date: /home/afeef_ahmed/assignment_2/asdfr_2_3_ws/install/timing_nodes/include/timing_nodes/timing_nodes/msg/detail/timing__type_support.c
-- Up-to-date: /home/afeef_ahmed/assignment_2/asdfr_2_3_ws/install/timing_nodes/include/timing_nodes/timing_nodes/msg/rosidl_generator_c__visibility_control.h
-- Up-to-date: /home/afeef_ahmed/assignment_2/asdfr_2_3_ws/install/timing_nodes/share/timing_nodes/environment/library_path.sh
-- Up-to-date: /home/afeef_ahmed/assignment_2/asdfr_2_3_ws/install/timing_nodes/share/timing_nodes/environment/library_path.dsv
-- Up-to-date: /home/afeef_ahmed/assignment_2/asdfr_2_3_ws/install/timing_nodes/lib/libtiming_nodes__rosidl_generator_c.so
-- Up-to-date: /home/afeef_ahmed/assignment_2/asdfr_2_3_ws/install/timing_nodes/include/timing_nodes/timing_nodes
-- Up-to-date: /home/afeef_ahmed/assignment_2/asdfr_2_3_ws/install/timing_nodes/include/timing_nodes/timing_nodes/msg
-- Up-to-date: /home/afeef_ahmed/assignment_2/asdfr_2_3_ws/install/timing_nodes/include/timing_nodes/timing_nodes/msg/detail
-- Up-to-date: /home/afeef_ahmed/assignment_2/asdfr_2_3_ws/install/timing_nodes/include/timing_nodes/timing_nodes/msg/detail/timing__rosidl_typesupport_fastrtps_c.h
-- Up-to-date: /home/afeef_ahmed/assignment_2/asdfr_2_3_ws/install/timing_nodes/include/timing_nodes/timing_nodes/msg/rosidl_typesupport_fastrtps_c__visibility_control.h
-- Up-to-date: /home/afeef_ahmed/assignment_2/asdfr_2_3_ws/install/timing_nodes/lib/libtiming_nodes__rosidl_typesupport_fastrtps_c.so
-- Up-to-date: /home/afeef_ahmed/assignment_2/asdfr_2_3_ws/install/timing_nodes/include/timing_nodes/timing_nodes
-- Up-to-date: /home/afeef_ahmed/assignment_2/asdfr_2_3_ws/install/timing_nodes/include/timing_nodes/timing_nodes/msg
-- Up-to-date: /home/afeef_ahmed/assignment_2/asdfr_2_3_ws/install/timing_nodes/include/timing_nodes/timing_nodes/msg/detail
-- Up-to-date: /home/afeef_ahmed/assignment_2/asdfr_2_3_ws/install/timing_nodes/include/timing_nodes/timing_nodes/msg/detail/timing__type_support.c
-- Up-to-date: /home/afeef_ahmed/assignment_2/asdfr_2_3_ws/install/timing_nodes/include/timing_nodes/timing_nodes/msg/detail/timing__rosidl_typesupport_introspection_c.h
-- Up-to-date: /home/afeef_ahmed/assignment_2/asdfr_2_3_ws/install/timing_nodes/include/timing_nodes/timing_nodes/msg/rosidl_typesupport_introspection_c__visibility_control.h
-- Up-to-date: /home/afeef_ahmed/assignment_2/asdfr_2_3_ws/install/timing_nodes/lib/libtiming_nodes__rosidl_typesupport_introspection_c.so
-- Up-to-date: /home/afeef_ahmed/assignment_2/asdfr_2_3_ws/install/timing_nodes/lib/libtiming_nodes__rosidl_typesupport_c.so
-- Up-to-date: /home/afeef_ahmed/assignment_2/asdfr_2_3_ws/install/timing_nodes/include/timing_nodes/timing_nodes
-- Up-to-date: /home/afeef_ahmed/assignment_2/asdfr_2_3_ws/install/timing_nodes/include/timing_nodes/timing_nodes/msg
-- Up-to-date: /home/afeef_ahmed/assignment_2/asdfr_2_3_ws/install/timing_nodes/include/timing_nodes/timing_nodes/msg/detail
-- Up-to-date: /home/afeef_ahmed/assignment_2/asdfr_2_3_ws/install/timing_nodes/include/timing_nodes/timing_nodes/msg/detail/timing__traits.hpp
-- Up-to-date: /home/afeef_ahmed/assignment_2/asdfr_2_3_ws/install/timing_nodes/include/timing_nodes/timing_nodes/msg/detail/timing__type_support.hpp
-- Up-to-date: /home/afeef_ahmed/assignment_2/asdfr_2_3_ws/install/timing_nodes/include/timing_nodes/timing_nodes/msg/detail/timing__builder.hpp
-- Up-to-date: /home/afeef_ahmed/assignment_2/asdfr_2_3_ws/install/timing_nodes/include/timing_nodes/timing_nodes/msg/detail/timing__struct.hpp
-- Up-to-date: /home/afeef_ahmed/assignment_2/asdfr_2_3_ws/install/timing_nodes/include/timing_nodes/timing_nodes/msg/rosidl_generator_cpp__visibility_control.hpp
-- Up-to-date: /home/afeef_ahmed/assignment_2/asdfr_2_3_ws/install/timing_nodes/include/timing_nodes/timing_nodes/msg/timing.hpp
-- Up-to-date: /home/afeef_ahmed/assignment_2/asdfr_2_3_ws/install/timing_nodes/include/timing_nodes/timing_nodes
-- Up-to-date: /home/afeef_ahmed/assignment_2/asdfr_2_3_ws/install/timing_nodes/include/timing_nodes/timing_nodes/msg
-- Up-to-date: /home/afeef_ahmed/assignment_2/asdfr_2_3_ws/install/timing_nodes/include/timing_nodes/timing_nodes/msg/detail
-- Up-to-date: /home/afeef_ahmed/assignment_2/asdfr_2_3_ws/install/timing_nodes/include/timing_nodes/timing_nodes/msg/detail/timing__rosidl_typesupport_fastrtps_cpp.hpp
-- Up-to-date: /home/afeef_ahmed/assignment_2/asdfr_2_3_ws/install/timing_nodes/include/timing_nodes/timing_nodes/msg/detail/dds_fastrtps
-- Up-to-date: /home/afeef_ahmed/assignment_2/asdfr_2_3_ws/install/timing_nodes/include/timing_nodes/timing_nodes/msg/rosidl_typesupport_fastrtps_cpp__visibility_control.h
-- Up-to-date: /home/afeef_ahmed/assignment_2/asdfr_2_3_ws/install/timing_nodes/lib/libtiming_nodes__rosidl_typesupport_fastrtps_cpp.so
-- Up-to-date: /home/afeef_ahmed/assignment_2/asdfr_2_3_ws/install/timing_nodes/include/timing_nodes/timing_nodes
-- Up-to-date: /home/afeef_ahmed/assignment_2/asdfr_2_3_ws/install/timing_nodes/include/timing_nodes/timing_nodes/msg
-- Up-to-date: /home/afeef_ahmed/assignment_2/asdfr_2_3_ws/install/timing_nodes/include/timing_nodes/timing_nodes/msg/detail
-- Up-to-date: /home/afeef_ahmed/assignment_2/asdfr_2_3_ws/install/timing_nodes/include/timing_nodes/timing_nodes/msg/detail/timing__rosidl_typesupport_introspection_cpp.hpp
-- Up-to-date: /home/afeef_ahmed/assignment_2/asdfr_2_3_ws/install/timing_nodes/include/timing_nodes/timing_nodes/msg/detail/timing__type_support.cpp
-- Up-to-date: /home/afeef_ahmed/assignment_2/asdfr_2_3_ws/install/timing_nodes/lib/libtiming_nodes__rosidl_typesupport_introspection_cpp.so
-- Up-to-date: /home/afeef_ahmed/assignment_2/asdfr_2_3_ws/install/timing_nodes/lib/libtiming_nodes__rosidl_typesupport_cpp.so
-- Up-to-date: /home/afeef_ahmed/assignment_2/asdfr_2_3_ws/install/timing_nodes/share/timing_nodes/environment/pythonpath.sh
-- Up-to-date: /home/afeef_ahmed/assignment_2/asdfr_2_3_ws/install/timing_nodes/share/timing_nodes/environment/pythonpath.dsv
-- Up-to-date: /home/afeef_ahmed/assignment_2/asdfr_2_3_ws/install/timing_nodes/lib/python3.12/site-packages/timing_nodes-0.0.0-py3.12.egg-info
-- Installing: /home/afeef_ahmed/assignment_2/asdfr_2_3_ws/install/timing_nodes/lib/python3.12/site-packages/timing_nodes-0.0.0-py3.12.egg-info/PKG-INFO
-- Installing: /home/afeef_ahmed/assignment_2/asdfr_2_3_ws/install/timing_nodes/lib/python3.12/site-packages/timing_nodes-0.0.0-py3.12.egg-info/dependency_links.txt
-- Installing: /home/afeef_ahmed/assignment_2/asdfr_2_3_ws/install/timing_nodes/lib/python3.12/site-packages/timing_nodes-0.0.0-py3.12.egg-info/top_level.txt
-- Installing: /home/afeef_ahmed/assignment_2/asdfr_2_3_ws/install/timing_nodes/lib/python3.12/site-packages/timing_nodes-0.0.0-py3.12.egg-info/SOURCES.txt
-- Up-to-date: /home/afeef_ahmed/assignment_2/asdfr_2_3_ws/install/timing_nodes/lib/python3.12/site-packages/timing_nodes
-- Up-to-date: /home/afeef_ahmed/assignment_2/asdfr_2_3_ws/install/timing_nodes/lib/python3.12/site-packages/timing_nodes/msg
-- Up-to-date: /home/afeef_ahmed/assignment_2/asdfr_2_3_ws/install/timing_nodes/lib/python3.12/site-packages/timing_nodes/msg/__init__.py
-- Up-to-date: /home/afeef_ahmed/assignment_2/asdfr_2_3_ws/install/timing_nodes/lib/python3.12/site-packages/timing_nodes/msg/_timing_s.c
-- Up-to-date: /home/afeef_ahmed/assignment_2/asdfr_2_3_ws/install/timing_nodes/lib/python3.12/site-packages/timing_nodes/msg/_timing.py
-- Up-to-date: /home/afeef_ahmed/assignment_2/asdfr_2_3_ws/install/timing_nodes/lib/python3.12/site-packages/timing_nodes/timing_nodes_s__rosidl_typesupport_c.so
-- Up-to-date: /home/afeef_ahmed/assignment_2/asdfr_2_3_ws/install/timing_nodes/lib/python3.12/site-packages/timing_nodes/_timing_nodes_s.ep.rosidl_typesupport_c.c
-- Up-to-date: /home/afeef_ahmed/assignment_2/asdfr_2_3_ws/install/timing_nodes/lib/python3.12/site-packages/timing_nodes/__init__.py
-- Up-to-date: /home/afeef_ahmed/assignment_2/asdfr_2_3_ws/install/timing_nodes/lib/python3.12/site-packages/timing_nodes/timing_nodes_s__rosidl_typesupport_introspection_c.so
-- Up-to-date: /home/afeef_ahmed/assignment_2/asdfr_2_3_ws/install/timing_nodes/lib/python3.12/site-packages/timing_nodes/_timing_nodes_s.ep.rosidl_typesupport_fastrtps_c.c
-- Up-to-date: /home/afeef_ahmed/assignment_2/asdfr_2_3_ws/install/timing_nodes/lib/python3.12/site-packages/timing_nodes/timing_nodes_s__rosidl_typesupport_fastrtps_c.so
-- Up-to-date: /home/afeef_ahmed/assignment_2/asdfr_2_3_ws/install/timing_nodes/lib/python3.12/site-packages/timing_nodes/_timing_nodes_s.ep.rosidl_typesupport_introspection_c.c
Listing '/home/afeef_ahmed/assignment_2/asdfr_2_3_ws/install/timing_nodes/lib/python3.12/site-packages/timing_nodes'...
Listing '/home/afeef_ahmed/assignment_2/asdfr_2_3_ws/install/timing_nodes/lib/python3.12/site-packages/timing_nodes/msg'...
-- Up-to-date: /home/afeef_ahmed/assignment_2/asdfr_2_3_ws/install/timing_nodes/lib/python3.12/site-packages/timing_nodes/timing_nodes_s__rosidl_typesupport_fastrtps_c.so
-- Up-to-date: /home/afeef_ahmed/assignment_2/asdfr_2_3_ws/install/timing_nodes/lib/python3.12/site-packages/timing_nodes/timing_nodes_s__rosidl_typesupport_introspection_c.so
-- Up-to-date: /home/afeef_ahmed/assignment_2/asdfr_2_3_ws/install/timing_nodes/lib/python3.12/site-packages/timing_nodes/timing_nodes_s__rosidl_typesupport_c.so
-- Up-to-date: /home/afeef_ahmed/assignment_2/asdfr_2_3_ws/install/timing_nodes/lib/libtiming_nodes__rosidl_generator_py.so
-- Up-to-date: /home/afeef_ahmed/assignment_2/asdfr_2_3_ws/install/timing_nodes/share/timing_nodes/msg/Timing.idl
-- Up-to-date: /home/afeef_ahmed/assignment_2/asdfr_2_3_ws/install/timing_nodes/share/timing_nodes/msg/Timing.msg
-- Installing: /home/afeef_ahmed/assignment_2/asdfr_2_3_ws/install/timing_nodes/lib/timing_nodes/seq_node
-- Set non-toolchain portion of runtime path of "/home/afeef_ahmed/assignment_2/asdfr_2_3_ws/install/timing_nodes/lib/timing_nodes/seq_node" to ""
-- Up-to-date: /home/afeef_ahmed/assignment_2/asdfr_2_3_ws/install/timing_nodes/lib/timing_nodes/loop_node
-- Up-to-date: /home/afeef_ahmed/assignment_2/asdfr_2_3_ws/install/timing_nodes/share/ament_index/resource_index/package_run_dependencies/timing_nodes
-- Up-to-date: /home/afeef_ahmed/assignment_2/asdfr_2_3_ws/install/timing_nodes/share/ament_index/resource_index/parent_prefix_path/timing_nodes
-- Up-to-date: /home/afeef_ahmed/assignment_2/asdfr_2_3_ws/install/timing_nodes/share/timing_nodes/environment/ament_prefix_path.sh
-- Up-to-date: /home/afeef_ahmed/assignment_2/asdfr_2_3_ws/install/timing_nodes/share/timing_nodes/environment/ament_prefix_path.dsv
-- Up-to-date: /home/afeef_ahmed/assignment_2/asdfr_2_3_ws/install/timing_nodes/share/timing_nodes/environment/path.sh
-- Up-to-date: /home/afeef_ahmed/assignment_2/asdfr_2_3_ws/install/timing_nodes/share/timing_nodes/environment/path.dsv
-- Up-to-date: /home/afeef_ahmed/assignment_2/asdfr_2_3_ws/install/timing_nodes/share/timing_nodes/local_setup.bash
-- Up-to-date: /home/afeef_ahmed/assignment_2/asdfr_2_3_ws/install/timing_nodes/share/timing_nodes/local_setup.sh
-- Up-to-date: /home/afeef_ahmed/assignment_2/asdfr_2_3_ws/install/timing_nodes/share/timing_nodes/local_setup.zsh
-- Up-to-date: /home/afeef_ahmed/assignment_2/asdfr_2_3_ws/install/timing_nodes/share/timing_nodes/local_setup.dsv
-- Installing: /home/afeef_ahmed/assignment_2/asdfr_2_3_ws/install/timing_nodes/share/timing_nodes/package.dsv
-- Up-to-date: /home/afeef_ahmed/assignment_2/asdfr_2_3_ws/install/timing_nodes/share/ament_index/resource_index/packages/timing_nodes
-- Up-to-date: /home/afeef_ahmed/assignment_2/asdfr_2_3_ws/install/timing_nodes/share/timing_nodes/cmake/export_timing_nodes__rosidl_generator_cExport.cmake
-- Up-to-date: /home/afeef_ahmed/assignment_2/asdfr_2_3_ws/install/timing_nodes/share/timing_nodes/cmake/export_timing_nodes__rosidl_generator_cExport-noconfig.cmake
-- Up-to-date: /home/afeef_ahmed/assignment_2/asdfr_2_3_ws/install/timing_nodes/share/timing_nodes/cmake/export_timing_nodes__rosidl_typesupport_fastrtps_cExport.cmake
-- Up-to-date: /home/afeef_ahmed/assignment_2/asdfr_2_3_ws/install/timing_nodes/share/timing_nodes/cmake/export_timing_nodes__rosidl_typesupport_fastrtps_cExport-noconfig.cmake
-- Up-to-date: /home/afeef_ahmed/assignment_2/asdfr_2_3_ws/install/timing_nodes/share/timing_nodes/cmake/timing_nodes__rosidl_typesupport_introspection_cExport.cmake
-- Up-to-date: /home/afeef_ahmed/assignment_2/asdfr_2_3_ws/install/timing_nodes/share/timing_nodes/cmake/timing_nodes__rosidl_typesupport_introspection_cExport-noconfig.cmake
-- Up-to-date: /home/afeef_ahmed/assignment_2/asdfr_2_3_ws/install/timing_nodes/share/timing_nodes/cmake/timing_nodes__rosidl_typesupport_cExport.cmake
-- Up-to-date: /home/afeef_ahmed/assignment_2/asdfr_2_3_ws/install/timing_nodes/share/timing_nodes/cmake/timing_nodes__rosidl_typesupport_cExport-noconfig.cmake
-- Up-to-date: /home/afeef_ahmed/assignment_2/asdfr_2_3_ws/install/timing_nodes/share/timing_nodes/cmake/export_timing_nodes__rosidl_generator_cppExport.cmake
-- Up-to-date: /home/afeef_ahmed/assignment_2/asdfr_2_3_ws/install/timing_nodes/share/timing_nodes/cmake/export_timing_nodes__rosidl_typesupport_fastrtps_cppExport.cmake
-- Up-to-date: /home/afeef_ahmed/assignment_2/asdfr_2_3_ws/install/timing_nodes/share/timing_nodes/cmake/export_timing_nodes__rosidl_typesupport_fastrtps_cppExport-noconfig.cmake
-- Up-to-date: /home/afeef_ahmed/assignment_2/asdfr_2_3_ws/install/timing_nodes/share/timing_nodes/cmake/timing_nodes__rosidl_typesupport_introspection_cppExport.cmake
-- Up-to-date: /home/afeef_ahmed/assignment_2/asdfr_2_3_ws/install/timing_nodes/share/timing_nodes/cmake/timing_nodes__rosidl_typesupport_introspection_cppExport-noconfig.cmake
-- Up-to-date: /home/afeef_ahmed/assignment_2/asdfr_2_3_ws/install/timing_nodes/share/timing_nodes/cmake/timing_nodes__rosidl_typesupport_cppExport.cmake
-- Up-to-date: /home/afeef_ahmed/assignment_2/asdfr_2_3_ws/install/timing_nodes/share/timing_nodes/cmake/timing_nodes__rosidl_typesupport_cppExport-noconfig.cmake
-- Up-to-date: /home/afeef_ahmed/assignment_2/asdfr_2_3_ws/install/timing_nodes/share/timing_nodes/cmake/export_timing_nodes__rosidl_generator_pyExport.cmake
-- Up-to-date: /home/afeef_ahmed/assignment_2/asdfr_2_3_ws/install/timing_nodes/share/timing_nodes/cmake/export_timing_nodes__rosidl_generator_pyExport-noconfig.cmake
-- Up-to-date: /home/afeef_ahmed/assignment_2/asdfr_2_3_ws/install/timing_nodes/share/timing_nodes/cmake/rosidl_cmake-extras.cmake
-- Up-to-date: /home/afeef_ahmed/assignment_2/asdfr_2_3_ws/install/timing_nodes/share/timing_nodes/cmake/ament_cmake_export_dependencies-extras.cmake
-- Up-to-date: /home/afeef_ahmed/assignment_2/asdfr_2_3_ws/install/timing_nodes/share/timing_nodes/cmake/ament_cmake_export_include_directories-extras.cmake
-- Up-to-date: /home/afeef_ahmed/assignment_2/asdfr_2_3_ws/install/timing_nodes/share/timing_nodes/cmake/ament_cmake_export_libraries-extras.cmake
-- Up-to-date: /home/afeef_ahmed/assignment_2/asdfr_2_3_ws/install/timing_nodes/share/timing_nodes/cmake/ament_cmake_export_targets-extras.cmake
-- Up-to-date: /home/afeef_ahmed/assignment_2/asdfr_2_3_ws/install/timing_nodes/share/timing_nodes/cmake/rosidl_cmake_export_typesupport_targets-extras.cmake
-- Up-to-date: /home/afeef_ahmed/assignment_2/asdfr_2_3_ws/install/timing_nodes/share/timing_nodes/cmake/rosidl_cmake_export_typesupport_libraries-extras.cmake
-- Up-to-date: /home/afeef_ahmed/assignment_2/asdfr_2_3_ws/install/timing_nodes/share/timing_nodes/cmake/timing_nodesConfig.cmake
-- Up-to-date: /home/afeef_ahmed/assignment_2/asdfr_2_3_ws/install/timing_nodes/share/timing_nodes/cmake/timing_nodesConfig-version.cmake
-- Up-to-date: /home/afeef_ahmed/assignment_2/asdfr_2_3_ws/install/timing_nodes/share/timing_nodes/package.xml
